#
# There is insufficient memory for the Java Runtime Environment to continue.
# Native memory allocation (mmap) failed to map 528482304 bytes. Error detail: G1 virtual space
# Possible reasons:
#   The system is out of physical RAM or swap space
#   This process is running with CompressedOops enabled, and the Java Heap may be blocking the growth of the native heap
# Possible solutions:
#   Reduce memory load on the system
#   Increase physical memory or swap space
#   Check if swap backing store is full
#   Decrease Java heap size (-Xmx/-Xms)
#   Decrease number of Java threads
#   Decrease Java thread stack sizes (-Xss)
#   Set larger code cache with -XX:ReservedCodeCacheSize=
#   JVM is running with Zero Based Compressed Oops mode in which the Java heap is
#     placed in the first 32GB address space. The Java Heap base address is the
#     maximum limit for the native heap growth. Please use -XX:HeapBaseMinAddress
#     to set the Java Heap base and to place the Java Heap above 32GB virtual address.
# This output file may be truncated or incomplete.
#
#  Out of Memory Error (os_windows.cpp:3616), pid=15232, tid=31856
#
# JRE version:  (21.0.4+7) (build )
# Java VM: OpenJDK 64-Bit Server VM (21.0.4+7-LTS, mixed mode, sharing, tiered, compressed oops, compressed class ptrs, g1 gc, windows-amd64)
# No core dump will be written. Minidumps are not enabled by default on client versions of Windows
#

---------------  S U M M A R Y ------------

Command Line: -Dclassworlds.conf=C:\Users\krono\.m2\wrapper\dists\apache-maven-3.9.9\977a63e90f436cd6ade95b4c0e10c20c\bin\m2.conf -Dmaven.home=C:\Users\krono\.m2\wrapper\dists\apache-maven-3.9.9\977a63e90f436cd6ade95b4c0e10c20c -Dlibrary.jansi.path=C:\Users\krono\.m2\wrapper\dists\apache-maven-3.9.9\977a63e90f436cd6ade95b4c0e10c20c\lib\jansi-native -Dmaven.multiModuleProjectDirectory=H:\Mi unidad\UOC\13oSemestre\TFG\Workspace\energytracker\consumptionservice org.codehaus.plexus.classworlds.launcher.Launcher clean package -DskipTests

Host: AMD Ryzen 7 4800H with Radeon Graphics         , 16 cores, 31G,  Windows 10 , 64 bit Build 19041 (10.0.19041.5198)
Time: Fri Jan  3 09:47:54 2025 Hora estándar romance elapsed time: 0.267157 seconds (0d 0h 0m 0s)

---------------  T H R E A D  ---------------

Current thread (0x000001cdc6ef2910):  JavaThread "Unknown thread" [_thread_in_vm, id=31856, stack(0x0000009614000000,0x0000009614100000) (1024K)]

Stack: [0x0000009614000000,0x0000009614100000]
Native frames: (J=compiled Java code, j=interpreted, Vv=VM code, C=native code)
V  [jvm.dll+0x6cbcf9]
V  [jvm.dll+0x8a5551]
V  [jvm.dll+0x8a7a7e]
V  [jvm.dll+0x8a8153]
V  [jvm.dll+0x27eca6]
V  [jvm.dll+0x6c8445]
V  [jvm.dll+0x6bd13a]
V  [jvm.dll+0x354a0a]
V  [jvm.dll+0x35c5b6]
V  [jvm.dll+0x3adf3e]
V  [jvm.dll+0x3ae1e8]
V  [jvm.dll+0x328bcc]
V  [jvm.dll+0x32972b]
V  [jvm.dll+0x86e7b9]
V  [jvm.dll+0x3bac91]
V  [jvm.dll+0x857973]
V  [jvm.dll+0x44f32e]
V  [jvm.dll+0x450f71]
C  [jli.dll+0x5278]
C  [ucrtbase.dll+0x21bb2]
C  [KERNEL32.DLL+0x17374]
C  [ntdll.dll+0x4cc91]


---------------  P R O C E S S  ---------------

Threads class SMR info:
_java_thread_list=0x00007fff7de53088, length=0, elements={
}

Java Threads: ( => current thread )
Total: 0

Other Threads:
  0x000001cdc71791a0 WorkerThread "GC Thread#0"                     [id=21724, stack(0x0000009614100000,0x0000009614200000) (1024K)]
  0x000001cdc7189e80 ConcurrentGCThread "G1 Main Marker"            [id=12980, stack(0x0000009614200000,0x0000009614300000) (1024K)]
  0x000001cdc718b120 WorkerThread "G1 Conc#0"                       [id=29004, stack(0x0000009614300000,0x0000009614400000) (1024K)]

[error occurred during error reporting (printing all threads), id 0xc0000005, EXCEPTION_ACCESS_VIOLATION (0xc0000005) at pc=0x00007fff7d55b4f7]
VM state: not at safepoint (not fully initialized)

VM Mutex/Monitor currently owned by a thread:  ([mutex/lock_event])
[0x00007fff7dec7408] Heap_lock - owner thread: 0x000001cdc6ef2910

Heap address: 0x0000000609400000, size: 8044 MB, Compressed Oops mode: Zero based, Oop shift amount: 3

CDS archive(s) mapped at: [0x0000000000000000-0x0000000000000000-0x0000000000000000), size 0, SharedBaseAddress: 0x0000000800000000, ArchiveRelocationMode: 1.
Narrow klass base: 0x0000000000000000, Narrow klass shift: 0, Narrow klass range: 0x0

GC Precious Log:
 CardTable entry size: 512
 Card Set container configuration: InlinePtr #cards 4 size 8 Array Of Cards #cards 32 size 80 Howl #buckets 8 coarsen threshold 7372 Howl Bitmap #cards 1024 size 144 coarsen threshold 921 Card regions per heap region 1 cards per card region 8192

Heap:
 garbage-first heap   total 0K, used 0K [0x0000000609400000, 0x0000000800000000)
  region size 4096K, 0 young (0K), 0 survivors (0K)

[error occurred during error reporting (printing heap information), id 0xc0000005, EXCEPTION_ACCESS_VIOLATION (0xc0000005) at pc=0x00007fff7d945669]
GC Heap History (0 events):
No events

Dll operation events (1 events):
Event: 0.005 Loaded shared library C:\Program Files\Eclipse Adoptium\jdk-21.0.4.7-hotspot\bin\java.dll

Deoptimization events (0 events):
No events

Classes loaded (0 events):
No events

Classes unloaded (0 events):
No events

Classes redefined (0 events):
No events

Internal exceptions (0 events):
No events

ZGC Phase Switch (0 events):
No events

VM Operations (0 events):
No events

Memory protections (0 events):
No events

Nmethod flushes (0 events):
No events

Events (0 events):
No events


Dynamic libraries:
0x00007ff665ce0000 - 0x00007ff665cee000 	C:\Program Files\Eclipse Adoptium\jdk-21.0.4.7-hotspot\bin\java.exe
0x00007ff813e70000 - 0x00007ff814068000 	C:\WINDOWS\SYSTEM32\ntdll.dll
0x00007ff812f50000 - 0x00007ff813012000 	C:\WINDOWS\System32\KERNEL32.DLL
0x00007ff811510000 - 0x00007ff81180e000 	C:\WINDOWS\System32\KERNELBASE.dll
0x00007ff811ce0000 - 0x00007ff811de0000 	C:\WINDOWS\System32\ucrtbase.dll
0x00007ff80a940000 - 0x00007ff80a958000 	C:\Program Files\Eclipse Adoptium\jdk-21.0.4.7-hotspot\bin\jli.dll
0x00007ff812d50000 - 0x00007ff812eed000 	C:\WINDOWS\System32\USER32.dll
0x00007ff8013f0000 - 0x00007ff80140b000 	C:\Program Files\Eclipse Adoptium\jdk-21.0.4.7-hotspot\bin\VCRUNTIME140.dll
0x00007ff811930000 - 0x00007ff811952000 	C:\WINDOWS\System32\win32u.dll
0x00007ff813460000 - 0x00007ff81348b000 	C:\WINDOWS\System32\GDI32.dll
0x00007ff811810000 - 0x00007ff811927000 	C:\WINDOWS\System32\gdi32full.dll
0x00007ff8006a0000 - 0x00007ff80093a000 	C:\WINDOWS\WinSxS\amd64_microsoft.windows.common-controls_6595b64144ccf1df_6.0.19041.4355_none_60b8b9eb71f62e16\COMCTL32.dll
0x00007ff811960000 - 0x00007ff8119fd000 	C:\WINDOWS\System32\msvcp_win.dll
0x00007ff811e90000 - 0x00007ff811f2e000 	C:\WINDOWS\System32\msvcrt.dll
0x00007ff8134b0000 - 0x00007ff8134df000 	C:\WINDOWS\System32\IMM32.DLL
0x00007ff80dac0000 - 0x00007ff80dacc000 	C:\Program Files\Eclipse Adoptium\jdk-21.0.4.7-hotspot\bin\vcruntime140_1.dll
0x00007fffff240000 - 0x00007fffff2ce000 	C:\Program Files\Eclipse Adoptium\jdk-21.0.4.7-hotspot\bin\msvcp140.dll
0x00007fff7d220000 - 0x00007fff7dfa8000 	C:\Program Files\Eclipse Adoptium\jdk-21.0.4.7-hotspot\bin\server\jvm.dll
0x00007ff8133a0000 - 0x00007ff813451000 	C:\WINDOWS\System32\ADVAPI32.dll
0x00007ff8134e0000 - 0x00007ff81357f000 	C:\WINDOWS\System32\sechost.dll
0x00007ff813d00000 - 0x00007ff813e23000 	C:\WINDOWS\System32\RPCRT4.dll
0x00007ff811a00000 - 0x00007ff811a27000 	C:\WINDOWS\System32\bcrypt.dll
0x00007ff812b90000 - 0x00007ff812bfb000 	C:\WINDOWS\System32\WS2_32.dll
0x00007ff804990000 - 0x00007ff8049b7000 	C:\WINDOWS\SYSTEM32\WINMM.dll
0x00007ff8077a0000 - 0x00007ff8077aa000 	C:\WINDOWS\SYSTEM32\VERSION.dll
0x00007ff810a60000 - 0x00007ff810aab000 	C:\WINDOWS\SYSTEM32\POWRPROF.dll
0x00007ff810910000 - 0x00007ff810922000 	C:\WINDOWS\SYSTEM32\UMPDC.dll
0x00007ff80f350000 - 0x00007ff80f362000 	C:\WINDOWS\SYSTEM32\kernel.appcore.dll
0x00007ff80da80000 - 0x00007ff80da8a000 	C:\Program Files\Eclipse Adoptium\jdk-21.0.4.7-hotspot\bin\jimage.dll
0x00007ff806980000 - 0x00007ff806b64000 	C:\WINDOWS\SYSTEM32\DBGHELP.DLL
0x00007ffff7980000 - 0x00007ffff79b4000 	C:\WINDOWS\SYSTEM32\dbgcore.DLL
0x00007ff811c50000 - 0x00007ff811cd2000 	C:\WINDOWS\System32\bcryptPrimitives.dll
0x00007fffff220000 - 0x00007fffff23f000 	C:\Program Files\Eclipse Adoptium\jdk-21.0.4.7-hotspot\bin\java.dll

dbghelp: loaded successfully - version: 4.0.5 - missing functions: none
symbol engine: initialized successfully - sym options: 0x614 - pdb path: .;C:\Program Files\Eclipse Adoptium\jdk-21.0.4.7-hotspot\bin;C:\WINDOWS\SYSTEM32;C:\WINDOWS\WinSxS\amd64_microsoft.windows.common-controls_6595b64144ccf1df_6.0.19041.4355_none_60b8b9eb71f62e16;C:\Program Files\Eclipse Adoptium\jdk-21.0.4.7-hotspot\bin\server

VM Arguments:
jvm_args: -Dclassworlds.conf=C:\Users\krono\.m2\wrapper\dists\apache-maven-3.9.9\977a63e90f436cd6ade95b4c0e10c20c\bin\m2.conf -Dmaven.home=C:\Users\krono\.m2\wrapper\dists\apache-maven-3.9.9\977a63e90f436cd6ade95b4c0e10c20c -Dlibrary.jansi.path=C:\Users\krono\.m2\wrapper\dists\apache-maven-3.9.9\977a63e90f436cd6ade95b4c0e10c20c\lib\jansi-native -Dmaven.multiModuleProjectDirectory=H:\Mi unidad\UOC\13oSemestre\TFG\Workspace\energytracker\consumptionservice 
java_command: org.codehaus.plexus.classworlds.launcher.Launcher clean package -DskipTests
java_class_path (initial): C:\Users\krono\.m2\wrapper\dists\apache-maven-3.9.9\977a63e90f436cd6ade95b4c0e10c20c\boot\plexus-classworlds-2.8.0.jar
Launcher Type: SUN_STANDARD

[Global flags]
     intx CICompilerCount                          = 12                                        {product} {ergonomic}
     uint ConcGCThreads                            = 3                                         {product} {ergonomic}
     uint G1ConcRefinementThreads                  = 13                                        {product} {ergonomic}
   size_t G1HeapRegionSize                         = 4194304                                   {product} {ergonomic}
    uintx GCDrainStackTargetSize                   = 64                                        {product} {ergonomic}
   size_t InitialHeapSize                          = 528482304                                 {product} {ergonomic}
   size_t MarkStackSize                            = 4194304                                   {product} {ergonomic}
   size_t MaxHeapSize                              = 8434745344                                {product} {ergonomic}
   size_t MinHeapDeltaBytes                        = 4194304                                   {product} {ergonomic}
   size_t MinHeapSize                              = 8388608                                   {product} {ergonomic}
    uintx NonNMethodCodeHeapSize                   = 7602480                                {pd product} {ergonomic}
    uintx NonProfiledCodeHeapSize                  = 122027880                              {pd product} {ergonomic}
    uintx ProfiledCodeHeapSize                     = 122027880                              {pd product} {ergonomic}
    uintx ReservedCodeCacheSize                    = 251658240                              {pd product} {ergonomic}
     bool SegmentedCodeCache                       = true                                      {product} {ergonomic}
   size_t SoftMaxHeapSize                          = 8434745344                             {manageable} {ergonomic}
     bool UseCompressedOops                        = true                           {product lp64_product} {ergonomic}
     bool UseG1GC                                  = true                                      {product} {ergonomic}
     bool UseLargePagesIndividualAllocation        = false                                  {pd product} {ergonomic}

Logging:
Log output configuration:
 #0: stdout all=warning uptime,level,tags foldmultilines=false
 #1: stderr all=off uptime,level,tags foldmultilines=false

Environment Variables:
JAVA_HOME=C:\Program Files\Eclipse Adoptium\jdk-21.0.4.7-hotspot\
CLASSPATH=C:\Program Files\Java\jdk1.8.0_261\bin;.;H:\Mi unidad\UOC\11oSemestre\Compiladores\Laboratorio\lib;H:\Mi unidad\UOC\11oSemestre\Compiladores\Laboratorio\lib\minimal;H:\Mi unidad\UOC\11oSemestre\Compiladores\Laboratorio\lib\java_cup;
PATH=C:\Program Files\Eclipse Adoptium\jdk-21.0.4.7-hotspot\bin;C:\Program Files\OpenLogic\jdk-11.0.20.8-hotspot\bin;E:\krono\product\18.0.0\dbhomeXE\bin;C:\Python311\Scripts\;C:\Python311\;C:\Program Files (x86)\VMware\VMware Player\bin\;C:\Python310\Scripts\;C:\Python310\;C:\Users\krono\AppData\Local\Programs\Python\Python39\Scripts\;C:\Users\krono\AppData\Local\Programs\Python\Python39\;C:\Program Files\Common Files\Oracle\Java\javapath;C:\Windows\system32;C:\Windows;C:\Windows\System32\Wbem;C:\Windows\System32\WindowsPowerShell\v1.0\;C:\Windows\System32\OpenSSH\;C:\Program Files (x86)\NVIDIA Corporation\PhysX\Common;C:\WINDOWS\system32;C:\WINDOWS;C:\WINDOWS\System32\Wbem;C:\WINDOWS\System32\WindowsPowerShell\v1.0\;C:\WINDOWS\System32\OpenSSH\;C:\Program Files\Java\jdk1.8.0_261\bin;C:\ProgramData\chocolatey\bin;C:\Program Files\dotnet\;C:\Program Files\texlive\2022\bin\win32;C:\Program Files (x86)\Microsoft SQL Server\160\DTS\Binn\;C:\Program Files\Azure Data Studio\bin;C:\Users\krono\AppData\Roaming\nvm;C:\Program Files\nodejs;C:\Program Files\PostgreSQL\16\bin;C:\Program Files\nodejs;C:\Program Files\nodejs\;C:\Program Files\NVIDIA Corporation\NVIDIA app\NvDLISR;C:\Program Files\Git\cmd;C:\Program Files\Docker\Docker\resources\bin;C:\Program Files\Maven\apache-maven-3.9.9\bin;C:\Users\krono\AppData\Local\pnpm;C:\Users\krono\AppData\Roaming\TinyTeX\bin\win32;C:\Users\krono\scoop\shims;C:\Users\krono\AppData\Local\Microsoft\WindowsApps;C:\Users\krono\AppData\Local\Programs\Microsoft VS Code\bin;C:\Program Files\JetBrains\IntelliJ IDEA 2024.2.3\bin;;C:\Users\krono\AppData\Local\Programs\MiKTeX\miktex\bin\x64\;C:\Users\krono\AppData\Local\nvs\;C:\Users\krono\AppData\Local\GitHubDesktop\bin;E:\Program Files\JetBrains\PyCharm 2023.1.2\bin;;C:\Program Files\Azure Data Studio\bin;C:\Users\krono\AppData\Roaming\nvm;C:\Program Files\nodejs;C:\Users\krono\AppData\Roaming\npm
USERNAME=krono
OS=Windows_NT
PROCESSOR_IDENTIFIER=AMD64 Family 23 Model 96 Stepping 1, AuthenticAMD
TMP=C:\Users\krono\AppData\Local\Temp
TEMP=C:\Users\krono\AppData\Local\Temp




Periodic native trim disabled

---------------  S Y S T E M  ---------------

OS:
 Windows 10 , 64 bit Build 19041 (10.0.19041.5198)
OS uptime: 0 days 19:04 hours
Hyper-V role detected

CPU: total 16 (initial active 16) (16 cores per cpu, 2 threads per core) family 23 model 96 stepping 1 microcode 0x0, cx8, cmov, fxsr, ht, mmx, 3dnowpref, sse, sse2, sse3, ssse3, sse4a, sse4.1, sse4.2, popcnt, lzcnt, tsc, tscinvbit, avx, avx2, aes, clmul, bmi1, bmi2, adx, sha, fma, vzeroupper, clflush, clflushopt, hv, rdtscp, rdpid, f16c
Processor Information for all 16 processors :
  Max Mhz: 2900, Current Mhz: 2900, Mhz Limit: 2900

Memory: 4k page, system-wide physical 32173M (7949M free)
TotalPageFile size 36240M (AvailPageFile size 231M)
current process WorkingSet (physical memory assigned to process): 10M, peak: 10M
current process commit charge ("private bytes"): 71M, peak: 575M

vm_info: OpenJDK 64-Bit Server VM (21.0.4+7-LTS) for windows-amd64 JRE (21.0.4+7-LTS), built on 2024-07-16T00:00:00Z by "admin" with MS VC++ 17.7 (VS2022)

END.
