#
# There is insufficient memory for the Java Runtime Environment to continue.
# Native memory allocation (mmap) failed to map 230686720 bytes. Error detail: G1 virtual space
# Possible reasons:
#   The system is out of physical RAM or swap space
#   This process is running with CompressedOops enabled, and the Java Heap may be blocking the growth of the native heap
# Possible solutions:
#   Reduce memory load on the system
#   Increase physical memory or swap space
#   Check if swap backing store is full
#   Decrease Java heap size (-Xmx/-Xms)
#   Decrease number of Java threads
#   Decrease Java thread stack sizes (-Xss)
#   Set larger code cache with -XX:ReservedCodeCacheSize=
#   JVM is running with Zero Based Compressed Oops mode in which the Java heap is
#     placed in the first 32GB address space. The Java Heap base address is the
#     maximum limit for the native heap growth. Please use -XX:HeapBaseMinAddress
#     to set the Java Heap base and to place the Java Heap above 32GB virtual address.
# This output file may be truncated or incomplete.
#
#  Out of Memory Error (os_windows.cpp:3616), pid=54180, tid=46564
#
# JRE version: OpenJDK Runtime Environment Temurin-21.0.4+7 (21.0.4+7) (build 21.0.4+7-LTS)
# Java VM: OpenJDK 64-Bit Server VM Temurin-21.0.4+7 (21.0.4+7-LTS, mixed mode, emulated-client, sharing, tiered, compressed oops, compressed class ptrs, g1 gc, windows-amd64)
# No core dump will be written. Minidumps are not enabled by default on client versions of Windows
#

---------------  S U M M A R Y ------------

Command Line: -XX:TieredStopAtLevel=1 -Dspring.output.ansi.enabled=always -Dcom.sun.management.jmxremote -Dspring.jmx.enabled=true -Dspring.liveBeansView.mbeanDomain -Dspring.application.admin.enabled=true -Dmanagement.endpoints.jmx.exposure.include=* -javaagent:C:\Program Files\JetBrains\IntelliJ IDEA 2024.2.3\lib\idea_rt.jar=52282:C:\Program Files\JetBrains\IntelliJ IDEA 2024.2.3\bin -Dfile.encoding=UTF-8 -Dsun.stdout.encoding=UTF-8 -Dsun.stderr.encoding=UTF-8 com.energytracker.userservice.UserserviceApplication

Host: AMD Ryzen 7 4800H with Radeon Graphics         , 16 cores, 31G,  Windows 10 , 64 bit Build 19041 (10.0.19041.4957)
Time: Thu Nov 14 19:21:11 2024 Hora estándar romance elapsed time: 12.214075 seconds (0d 0h 0m 12s)

---------------  T H R E A D  ---------------

Current thread (0x000001aee0000700):  VMThread "VM Thread"          [id=46564, stack(0x00000072ffe00000,0x00000072fff00000) (1024K)]

Stack: [0x00000072ffe00000,0x00000072fff00000]
Native frames: (J=compiled Java code, j=interpreted, Vv=VM code, C=native code)
V  [jvm.dll+0x6cbcf9]
V  [jvm.dll+0x8a5551]
V  [jvm.dll+0x8a7a7e]
V  [jvm.dll+0x8a8153]
V  [jvm.dll+0x27eca6]
V  [jvm.dll+0x6c8445]
V  [jvm.dll+0x6bd13a]
V  [jvm.dll+0x354a0a]
V  [jvm.dll+0x35c5b6]
V  [jvm.dll+0x3adf3e]
V  [jvm.dll+0x3ae1e8]
V  [jvm.dll+0x328bcc]
V  [jvm.dll+0x328c57]
V  [jvm.dll+0x36c9cc]
V  [jvm.dll+0x36b218]
V  [jvm.dll+0x328391]
V  [jvm.dll+0x36a88a]
V  [jvm.dll+0x8ade6f]
V  [jvm.dll+0x8af1f4]
V  [jvm.dll+0x8af730]
V  [jvm.dll+0x8af9d3]
V  [jvm.dll+0x84f17b]
V  [jvm.dll+0x6ca3fd]
C  [ucrtbase.dll+0x21bb2]
C  [KERNEL32.DLL+0x17374]
C  [ntdll.dll+0x4cc91]

VM_Operation (0x0000007281cf8de0): G1CollectForAllocation, mode: safepoint, requested by thread 0x000001aee5749480


---------------  P R O C E S S  ---------------

Threads class SMR info:
_java_thread_list=0x000001aee6e5d340, length=28, elements={
0x000001ae8449e560, 0x000001aee0021520, 0x000001aee0022080, 0x000001aee002cf10,
0x000001aee002dbf0, 0x000001aee002e650, 0x000001aee002f0b0, 0x000001aee0035020,
0x000001aee00af370, 0x000001ae9c186690, 0x000001aee0974e50, 0x000001aee097a5d0,
0x000001aee0b4fe30, 0x000001aee0c366f0, 0x000001aee0c0c3b0, 0x000001aee0c55230,
0x000001aee5746d20, 0x000001aee5749480, 0x000001aee5746690, 0x000001aee00b0eb0,
0x000001aee00b0110, 0x000001aee00b1c50, 0x000001aee57480d0, 0x000001aee5748760,
0x000001aee57473b0, 0x000001aee5748df0, 0x000001aee5746000, 0x000001aee799a9a0
}

Java Threads: ( => current thread )
  0x000001ae8449e560 JavaThread "main"                              [_thread_blocked, id=45700, stack(0x00000072ff700000,0x00000072ff800000) (1024K)]
  0x000001aee0021520 JavaThread "Reference Handler"          daemon [_thread_blocked, id=17888, stack(0x00000072fff00000,0x0000007300000000) (1024K)]
  0x000001aee0022080 JavaThread "Finalizer"                  daemon [_thread_blocked, id=20536, stack(0x0000007280000000,0x0000007280100000) (1024K)]
  0x000001aee002cf10 JavaThread "Signal Dispatcher"          daemon [_thread_blocked, id=58340, stack(0x0000007280100000,0x0000007280200000) (1024K)]
  0x000001aee002dbf0 JavaThread "Attach Listener"            daemon [_thread_blocked, id=21256, stack(0x0000007280200000,0x0000007280300000) (1024K)]
  0x000001aee002e650 JavaThread "Service Thread"             daemon [_thread_blocked, id=43796, stack(0x0000007280300000,0x0000007280400000) (1024K)]
  0x000001aee002f0b0 JavaThread "Monitor Deflation Thread"   daemon [_thread_blocked, id=37600, stack(0x0000007280400000,0x0000007280500000) (1024K)]
  0x000001aee0035020 JavaThread "C1 CompilerThread0"         daemon [_thread_blocked, id=16892, stack(0x0000007280500000,0x0000007280600000) (1024K)]
  0x000001aee00af370 JavaThread "C1 CompilerThread1"         daemon [_thread_blocked, id=33196, stack(0x0000007280600000,0x0000007280700000) (1024K)]
  0x000001ae9c186690 JavaThread "Common-Cleaner"             daemon [_thread_blocked, id=37188, stack(0x0000007280700000,0x0000007280800000) (1024K)]
  0x000001aee0974e50 JavaThread "Monitor Ctrl-Break"         daemon [_thread_in_native, id=28984, stack(0x0000007280a00000,0x0000007280b00000) (1024K)]
  0x000001aee097a5d0 JavaThread "Notification Thread"        daemon [_thread_blocked, id=49116, stack(0x0000007280b00000,0x0000007280c00000) (1024K)]
  0x000001aee0b4fe30 JavaThread "RMI TCP Accept-0"           daemon [_thread_in_native, id=37508, stack(0x0000007280c00000,0x0000007280d00000) (1024K)]
  0x000001aee0c366f0 JavaThread "RMI TCP Connection(1)-172.30.112.1" daemon [_thread_in_native, id=30328, stack(0x0000007281800000,0x0000007281900000) (1024K)]
  0x000001aee0c0c3b0 JavaThread "RMI Scheduler(0)"           daemon [_thread_blocked, id=3760, stack(0x0000007281900000,0x0000007281a00000) (1024K)]
  0x000001aee0c55230 JavaThread "JMX server connection timeout 45" daemon [_thread_blocked, id=28160, stack(0x0000007281a00000,0x0000007281b00000) (1024K)]
  0x000001aee5746d20 JavaThread "Thread-0"                          [_thread_blocked, id=38872, stack(0x0000007281b00000,0x0000007281c00000) (1024K)]
  0x000001aee5749480 JavaThread "restartedMain"                     [_thread_blocked, id=46000, stack(0x0000007281c00000,0x0000007281d00000) (1024K)]
  0x000001aee5746690 JavaThread "RMI TCP Connection(2)-172.30.112.1" daemon [_thread_in_native, id=7696, stack(0x0000007281d00000,0x0000007281e00000) (1024K)]
  0x000001aee00b0eb0 JavaThread "C1 CompilerThread2"         daemon [_thread_blocked, id=58832, stack(0x0000007280800000,0x0000007280900000) (1024K)]
  0x000001aee00b0110 JavaThread "C1 CompilerThread3"         daemon [_thread_blocked, id=25584, stack(0x0000007281e00000,0x0000007281f00000) (1024K)]
  0x000001aee00b1c50 JavaThread "C1 CompilerThread4"         daemon [_thread_blocked, id=53940, stack(0x0000007282000000,0x0000007282100000) (1024K)]
  0x000001aee57480d0 JavaThread "PostgreSQL-JDBC-Cleaner"    daemon [_thread_blocked, id=40436, stack(0x0000007281f00000,0x0000007282000000) (1024K)]
  0x000001aee5748760 JavaThread "HikariPool-1 housekeeper"   daemon [_thread_blocked, id=19628, stack(0x0000007282400000,0x0000007282500000) (1024K)]
  0x000001aee57473b0 JavaThread "HikariPool-1 connection adder" daemon [_thread_blocked, id=44944, stack(0x0000007282500000,0x0000007282600000) (1024K)]
  0x000001aee5748df0 JavaThread "Catalina-utility-1"                [_thread_blocked, id=4536, stack(0x0000007282600000,0x0000007282700000) (1024K)]
  0x000001aee5746000 JavaThread "Catalina-utility-2"                [_thread_blocked, id=54540, stack(0x0000007282700000,0x0000007282800000) (1024K)]
  0x000001aee799a9a0 JavaThread "container-0"                       [_thread_blocked, id=13612, stack(0x0000007282800000,0x0000007282900000) (1024K)]
Total: 28

Other Threads:
=>0x000001aee0000700 VMThread "VM Thread"                           [id=46564, stack(0x00000072ffe00000,0x00000072fff00000) (1024K)]
  0x000001ae9c185ba0 WatcherThread "VM Periodic Task Thread"        [id=34388, stack(0x00000072ffd00000,0x00000072ffe00000) (1024K)]
  0x000001ae84505390 WorkerThread "GC Thread#0"                     [id=46576, stack(0x00000072ff800000,0x00000072ff900000) (1024K)]
  0x000001aee0b8eec0 WorkerThread "GC Thread#1"                     [id=33292, stack(0x0000007280d00000,0x0000007280e00000) (1024K)]
  0x000001aee0b8f260 WorkerThread "GC Thread#2"                     [id=16600, stack(0x0000007280e00000,0x0000007280f00000) (1024K)]
  0x000001aee0b8f600 WorkerThread "GC Thread#3"                     [id=43616, stack(0x0000007280f00000,0x0000007281000000) (1024K)]
  0x000001aee0b8f9a0 WorkerThread "GC Thread#4"                     [id=27216, stack(0x0000007281000000,0x0000007281100000) (1024K)]
  0x000001aee0b7a9b0 WorkerThread "GC Thread#5"                     [id=9428, stack(0x0000007281100000,0x0000007281200000) (1024K)]
  0x000001aee0b7ad50 WorkerThread "GC Thread#6"                     [id=36232, stack(0x0000007281200000,0x0000007281300000) (1024K)]
  0x000001aee0b7b0f0 WorkerThread "GC Thread#7"                     [id=19832, stack(0x0000007281300000,0x0000007281400000) (1024K)]
  0x000001aee0b7b490 WorkerThread "GC Thread#8"                     [id=43632, stack(0x0000007281400000,0x0000007281500000) (1024K)]
  0x000001aee0b7b830 WorkerThread "GC Thread#9"                     [id=49956, stack(0x0000007281500000,0x0000007281600000) (1024K)]
  0x000001aee0b7bbd0 WorkerThread "GC Thread#10"                    [id=29708, stack(0x0000007281600000,0x0000007281700000) (1024K)]
  0x000001aee0b96720 WorkerThread "GC Thread#11"                    [id=5488, stack(0x0000007281700000,0x0000007281800000) (1024K)]
  0x000001aee5f97fe0 WorkerThread "GC Thread#12"                    [id=23572, stack(0x0000007282100000,0x0000007282200000) (1024K)]
  0x000001ae84515e80 ConcurrentGCThread "G1 Main Marker"            [id=56684, stack(0x00000072ff900000,0x00000072ffa00000) (1024K)]
  0x000001ae84516890 WorkerThread "G1 Conc#0"                       [id=58336, stack(0x00000072ffa00000,0x00000072ffb00000) (1024K)]
  0x000001aee5f99200 WorkerThread "G1 Conc#1"                       [id=15472, stack(0x0000007282200000,0x0000007282300000) (1024K)]
  0x000001aee5f98e60 WorkerThread "G1 Conc#2"                       [id=34080, stack(0x0000007282300000,0x0000007282400000) (1024K)]
  0x000001ae9c05b1b0 ConcurrentGCThread "G1 Refine#0"               [id=21128, stack(0x00000072ffb00000,0x00000072ffc00000) (1024K)]
  0x000001ae9c05b9d0 ConcurrentGCThread "G1 Service"                [id=48336, stack(0x00000072ffc00000,0x00000072ffd00000) (1024K)]
Total: 21

Threads with active compile tasks:
Total: 0

VM state: at safepoint (normal execution)

VM Mutex/Monitor currently owned by a thread:  ([mutex/lock_event])
[0x00007ffdb9287308] Threads_lock - owner thread: 0x000001aee0000700
[0x00007ffdb9287408] Heap_lock - owner thread: 0x000001aee5749480

Heap address: 0x0000000609400000, size: 8044 MB, Compressed Oops mode: Zero based, Oop shift amount: 3

CDS archive(s) mapped at: [0x000001ae9f000000-0x000001ae9fc90000-0x000001ae9fc90000), size 13172736, SharedBaseAddress: 0x000001ae9f000000, ArchiveRelocationMode: 1.
Compressed class space mapped at: 0x000001aea0000000-0x000001aee0000000, reserved size: 1073741824
Narrow klass base: 0x000001ae9f000000, Narrow klass shift: 0, Narrow klass range: 0x100000000

GC Precious Log:
 CardTable entry size: 512
 Card Set container configuration: InlinePtr #cards 4 size 8 Array Of Cards #cards 32 size 80 Howl #buckets 8 coarsen threshold 7372 Howl Bitmap #cards 1024 size 144 coarsen threshold 921 Card regions per heap region 1 cards per card region 8192
 CPUs: 16 total, 16 available
 Memory: 32173M
 Large Page Support: Disabled
 NUMA Support: Disabled
 Compressed Oops: Enabled (Zero based)
 Heap Region Size: 4M
 Heap Min Capacity: 8M
 Heap Initial Capacity: 504M
 Heap Max Capacity: 8044M
 Pre-touch: Disabled
 Parallel Workers: 13
 Concurrent Workers: 3
 Concurrent Refinement Workers: 13
 Periodic GC: Disabled

Heap:
 garbage-first heap   total 69632K, used 34846K [0x0000000609400000, 0x0000000800000000)
  region size 4096K, 1 young (4096K), 1 survivors (4096K)
 Metaspace       used 52317K, committed 52992K, reserved 1114112K
  class space    used 7435K, committed 7744K, reserved 1048576K

Heap Regions: E=young(eden), S=young(survivor), O=old, HS=humongous(starts), HC=humongous(continues), CS=collection set, F=free, TAMS=top-at-mark-start, PB=parsable bottom
|   0|0x0000000609400000, 0x0000000609800000, 0x0000000609800000|100%| O|  |TAMS 0x0000000609400000| PB 0x0000000609400000| Untracked 
|   1|0x0000000609800000, 0x0000000609c00000, 0x0000000609c00000|100%| O|  |TAMS 0x0000000609800000| PB 0x0000000609800000| Untracked 
|   2|0x0000000609c00000, 0x000000060a000000, 0x000000060a000000|100%| O|  |TAMS 0x0000000609c00000| PB 0x0000000609c00000| Untracked 
|   3|0x000000060a000000, 0x000000060a400000, 0x000000060a400000|100%| O|  |TAMS 0x000000060a000000| PB 0x000000060a000000| Untracked 
|   4|0x000000060a400000, 0x000000060a800000, 0x000000060a800000|100%| O|Cm|TAMS 0x000000060a400000| PB 0x000000060a400000| Complete 
|   5|0x000000060a800000, 0x000000060ac00000, 0x000000060ac00000|100%| O|  |TAMS 0x000000060a800000| PB 0x000000060a800000| Untracked 
|   6|0x000000060ac00000, 0x000000060ac00000, 0x000000060b000000|  0%| F|  |TAMS 0x000000060ac00000| PB 0x000000060ac00000| Untracked 
|   7|0x000000060b000000, 0x000000060b000000, 0x000000060b400000|  0%| F|  |TAMS 0x000000060b000000| PB 0x000000060b000000| Untracked 
|   8|0x000000060b400000, 0x000000060b800000, 0x000000060b800000|100%| O|  |TAMS 0x000000060b400000| PB 0x000000060b400000| Untracked 
|   9|0x000000060b800000, 0x000000060bacb0f0, 0x000000060bc00000| 69%| O|  |TAMS 0x000000060b800000| PB 0x000000060b800000| Untracked 
|  10|0x000000060bc00000, 0x000000060bf3c710, 0x000000060c000000| 80%| S|CS|TAMS 0x000000060bc00000| PB 0x000000060bc00000| Complete 
|  11|0x000000060c000000, 0x000000060c000000, 0x000000060c400000|  0%| F|  |TAMS 0x000000060c000000| PB 0x000000060c000000| Untracked 
|  12|0x000000060c400000, 0x000000060c400000, 0x000000060c800000|  0%| F|  |TAMS 0x000000060c400000| PB 0x000000060c400000| Untracked 
|  13|0x000000060c800000, 0x000000060c800000, 0x000000060cc00000|  0%| F|  |TAMS 0x000000060c800000| PB 0x000000060c800000| Untracked 
| 122|0x0000000627c00000, 0x0000000627c00000, 0x0000000628000000|  0%| F|  |TAMS 0x0000000627c00000| PB 0x0000000627c00000| Untracked 
| 123|0x0000000628000000, 0x0000000628000000, 0x0000000628400000|  0%| F|  |TAMS 0x0000000628000000| PB 0x0000000628000000| Untracked 
| 125|0x0000000628800000, 0x0000000628800000, 0x0000000628c00000|  0%| F|  |TAMS 0x0000000628800000| PB 0x0000000628800000| Untracked 

Card table byte_map: [0x000001ae93160000,0x000001ae94120000] _byte_map_base: 0x000001ae90116000

Marking Bits: (CMBitMap*) 0x000001ae845058a0
 Bits: [0x000001ae94120000, 0x000001ae9bed0000)

Polling page: 0x000001ae84550000

Metaspace:

Usage:
  Non-class:     43.83 MB used.
      Class:      7.26 MB used.
       Both:     51.09 MB used.

Virtual space:
  Non-class space:       64.00 MB reserved,      44.19 MB ( 69%) committed,  1 nodes.
      Class space:        1.00 GB reserved,       7.56 MB ( <1%) committed,  1 nodes.
             Both:        1.06 GB reserved,      51.75 MB (  5%) committed. 

Chunk freelists:
   Non-Class:  3.66 MB
       Class:  8.44 MB
        Both:  12.10 MB

MaxMetaspaceSize: unlimited
CompressedClassSpaceSize: 1.00 GB
Initial GC threshold: 21.00 MB
Current GC threshold: 75.88 MB
CDS: on
 - commit_granule_bytes: 65536.
 - commit_granule_words: 8192.
 - virtual_space_node_default_size: 8388608.
 - enlarge_chunks_in_place: 1.
 - use_allocation_guard: 0.


Internal statistics:

num_allocs_failed_limit: 3.
num_arena_births: 962.
num_arena_deaths: 0.
num_vsnodes_births: 2.
num_vsnodes_deaths: 0.
num_space_committed: 828.
num_space_uncommitted: 0.
num_chunks_returned_to_freelist: 3.
num_chunks_taken_from_freelist: 2789.
num_chunk_merges: 3.
num_chunk_splits: 1985.
num_chunks_enlarged: 1486.
num_inconsistent_stats: 0.

CodeCache: size=49152Kb used=12647Kb max_used=12647Kb free=36504Kb
 bounds [0x000001ae8e360000, 0x000001ae8efc0000, 0x000001ae91360000]
 total_blobs=6212 nmethods=5608 adapters=524
 compilation: enabled
              stopped_count=0, restarted_count=0
 full_count=0

Compilation events (20 events):
Event: 11.994 Thread 0x000001aee00b0110 5682       1       net.bytebuddy.description.type.TypeDescription$Generic$LazyProjection$WithEagerNavigation$OfAnnotatedElement::<init> (5 bytes)
Event: 11.994 Thread 0x000001aee00b1c50 5683       1       net.bytebuddy.description.type.TypeDescription$Generic$LazyProjection$WithEagerNavigation::<init> (5 bytes)
Event: 11.994 Thread 0x000001aee00af370 5684       1       net.bytebuddy.description.type.TypeDescription$Generic$LazyProjection::<init> (5 bytes)
Event: 11.994 Thread 0x000001aee00b0eb0 nmethod 5681 0x000001ae8efb4510 code [0x000001ae8efb46a0, 0x000001ae8efb4780]
Event: 11.994 Thread 0x000001aee00b0110 nmethod 5682 0x000001ae8efb4810 code [0x000001ae8efb49a0, 0x000001ae8efb4a68]
Event: 11.994 Thread 0x000001aee00af370 nmethod 5684 0x000001ae8efb4b10 code [0x000001ae8efb4ca0, 0x000001ae8efb4d68]
Event: 11.994 Thread 0x000001aee00b1c50 nmethod 5683 0x000001ae8efb4e10 code [0x000001ae8efb4fa0, 0x000001ae8efb5068]
Event: 11.994 Thread 0x000001aee0035020 nmethod 5680 0x000001ae8efb5110 code [0x000001ae8efb5340, 0x000001ae8efb57b0]
Event: 12.046 Thread 0x000001aee00af370 5685       1       java.util.ServiceLoader$ModuleServicesLookupIterator::iteratorFor (191 bytes)
Event: 12.047 Thread 0x000001aee00af370 nmethod 5685 0x000001ae8efb5a90 code [0x000001ae8efb5e20, 0x000001ae8efb6d78]
Event: 12.083 Thread 0x000001aee00b0eb0 5686       1       java.net.Socket::isClosed (8 bytes)
Event: 12.083 Thread 0x000001aee00b0eb0 nmethod 5686 0x000001ae8efb7910 code [0x000001ae8efb7aa0, 0x000001ae8efb7b80]
Event: 12.084 Thread 0x000001aee00b0eb0 5687       1       java.lang.invoke.MethodHandles$Lookup::lookupModes (8 bytes)
Event: 12.084 Thread 0x000001aee00b0eb0 nmethod 5687 0x000001ae8efb8110 code [0x000001ae8efb82a0, 0x000001ae8efb8370]
Event: 12.096 Thread 0x000001aee00b0110 5688       1       org.postgresql.core.PGStream::receiveChar (22 bytes)
Event: 12.096 Thread 0x000001aee00b1c50 5689       1       org.postgresql.core.VisibleBufferedInputStream::read (31 bytes)
Event: 12.096 Thread 0x000001aee00b1c50 nmethod 5689 0x000001ae8efb8410 code [0x000001ae8efb85c0, 0x000001ae8efb8740]
Event: 12.096 Thread 0x000001aee00b0110 nmethod 5688 0x000001ae8efb8810 code [0x000001ae8efb89c0, 0x000001ae8efb8be0]
Event: 12.158 Thread 0x000001aee00b0110 5691       1       java.util.regex.Pattern$1MatcherIterator::hasNext (227 bytes)
Event: 12.159 Thread 0x000001aee00b0110 nmethod 5691 0x000001ae8efb9090 code [0x000001ae8efb9320, 0x000001ae8efb9b18]

GC Heap History (20 events):
Event: 3.962 GC heap after
{Heap after GC invocations=4 (full 0):
 garbage-first heap   total 516096K, used 15075K [0x0000000609400000, 0x0000000800000000)
  region size 4096K, 2 young (8192K), 2 survivors (8192K)
 Metaspace       used 18365K, committed 18752K, reserved 1114112K
  class space    used 2525K, committed 2688K, reserved 1048576K
}
Event: 5.309 GC heap before
{Heap before GC invocations=5 (full 0):
 garbage-first heap   total 69632K, used 47843K [0x0000000609400000, 0x0000000800000000)
  region size 4096K, 10 young (40960K), 2 survivors (8192K)
 Metaspace       used 23623K, committed 24064K, reserved 1114112K
  class space    used 3274K, committed 3456K, reserved 1048576K
}
Event: 5.313 GC heap after
{Heap after GC invocations=6 (full 0):
 garbage-first heap   total 69632K, used 17254K [0x0000000609400000, 0x0000000800000000)
  region size 4096K, 2 young (8192K), 2 survivors (8192K)
 Metaspace       used 23623K, committed 24064K, reserved 1114112K
  class space    used 3274K, committed 3456K, reserved 1048576K
}
Event: 6.385 GC heap before
{Heap before GC invocations=6 (full 0):
 garbage-first heap   total 69632K, used 50022K [0x0000000609400000, 0x0000000800000000)
  region size 4096K, 10 young (40960K), 2 survivors (8192K)
 Metaspace       used 26212K, committed 26752K, reserved 1114112K
  class space    used 3583K, committed 3776K, reserved 1048576K
}
Event: 6.391 GC heap after
{Heap after GC invocations=7 (full 0):
 garbage-first heap   total 69632K, used 19518K [0x0000000609400000, 0x0000000800000000)
  region size 4096K, 2 young (8192K), 2 survivors (8192K)
 Metaspace       used 26212K, committed 26752K, reserved 1114112K
  class space    used 3583K, committed 3776K, reserved 1048576K
}
Event: 7.116 GC heap before
{Heap before GC invocations=7 (full 0):
 garbage-first heap   total 69632K, used 48190K [0x0000000609400000, 0x0000000800000000)
  region size 4096K, 9 young (36864K), 2 survivors (8192K)
 Metaspace       used 28034K, committed 28544K, reserved 1114112K
  class space    used 3850K, committed 4032K, reserved 1048576K
}
Event: 7.119 GC heap after
{Heap after GC invocations=8 (full 0):
 garbage-first heap   total 69632K, used 20637K [0x0000000609400000, 0x0000000800000000)
  region size 4096K, 2 young (8192K), 2 survivors (8192K)
 Metaspace       used 28034K, committed 28544K, reserved 1114112K
  class space    used 3850K, committed 4032K, reserved 1048576K
}
Event: 8.095 GC heap before
{Heap before GC invocations=8 (full 0):
 garbage-first heap   total 69632K, used 45213K [0x0000000609400000, 0x0000000800000000)
  region size 4096K, 9 young (36864K), 2 survivors (8192K)
 Metaspace       used 30841K, committed 31296K, reserved 1114112K
  class space    used 4377K, committed 4544K, reserved 1048576K
}
Event: 8.098 GC heap after
{Heap after GC invocations=9 (full 0):
 garbage-first heap   total 69632K, used 21844K [0x0000000609400000, 0x0000000800000000)
  region size 4096K, 2 young (8192K), 2 survivors (8192K)
 Metaspace       used 30841K, committed 31296K, reserved 1114112K
  class space    used 4377K, committed 4544K, reserved 1048576K
}
Event: 9.122 GC heap before
{Heap before GC invocations=10 (full 0):
 garbage-first heap   total 69632K, used 54612K [0x0000000609400000, 0x0000000800000000)
  region size 4096K, 10 young (40960K), 2 survivors (8192K)
 Metaspace       used 35434K, committed 36032K, reserved 1114112K
  class space    used 5039K, committed 5312K, reserved 1048576K
}
Event: 9.126 GC heap after
{Heap after GC invocations=11 (full 0):
 garbage-first heap   total 69632K, used 24430K [0x0000000609400000, 0x0000000800000000)
  region size 4096K, 2 young (8192K), 2 survivors (8192K)
 Metaspace       used 35434K, committed 36032K, reserved 1114112K
  class space    used 5039K, committed 5312K, reserved 1048576K
}
Event: 9.836 GC heap before
{Heap before GC invocations=11 (full 0):
 garbage-first heap   total 69632K, used 53102K [0x0000000609400000, 0x0000000800000000)
  region size 4096K, 9 young (36864K), 2 survivors (8192K)
 Metaspace       used 38828K, committed 39424K, reserved 1114112K
  class space    used 5520K, committed 5760K, reserved 1048576K
}
Event: 9.842 GC heap after
{Heap after GC invocations=12 (full 0):
 garbage-first heap   total 69632K, used 27015K [0x0000000609400000, 0x0000000800000000)
  region size 4096K, 2 young (8192K), 2 survivors (8192K)
 Metaspace       used 38828K, committed 39424K, reserved 1114112K
  class space    used 5520K, committed 5760K, reserved 1048576K
}
Event: 10.020 GC heap before
{Heap before GC invocations=12 (full 0):
 garbage-first heap   total 69632K, used 51591K [0x0000000609400000, 0x0000000800000000)
  region size 4096K, 9 young (36864K), 2 survivors (8192K)
 Metaspace       used 40379K, committed 41024K, reserved 1114112K
  class space    used 5675K, committed 5952K, reserved 1048576K
}
Event: 10.025 GC heap after
{Heap after GC invocations=13 (full 0):
 garbage-first heap   total 69632K, used 30500K [0x0000000609400000, 0x0000000800000000)
  region size 4096K, 2 young (8192K), 2 survivors (8192K)
 Metaspace       used 40379K, committed 41024K, reserved 1114112K
  class space    used 5675K, committed 5952K, reserved 1048576K
}
Event: 10.520 GC heap before
{Heap before GC invocations=13 (full 0):
 garbage-first heap   total 69632K, used 55076K [0x0000000609400000, 0x0000000800000000)
  region size 4096K, 8 young (32768K), 2 survivors (8192K)
 Metaspace       used 42464K, committed 43136K, reserved 1114112K
  class space    used 5967K, committed 6272K, reserved 1048576K
}
Event: 10.524 GC heap after
{Heap after GC invocations=14 (full 0):
 garbage-first heap   total 69632K, used 31932K [0x0000000609400000, 0x0000000800000000)
  region size 4096K, 1 young (4096K), 1 survivors (4096K)
 Metaspace       used 42464K, committed 43136K, reserved 1114112K
  class space    used 5967K, committed 6272K, reserved 1048576K
}
Event: 11.233 GC heap before
{Heap before GC invocations=14 (full 0):
 garbage-first heap   total 69632K, used 56508K [0x0000000609400000, 0x0000000800000000)
  region size 4096K, 7 young (28672K), 1 survivors (4096K)
 Metaspace       used 45760K, committed 46528K, reserved 1114112K
  class space    used 6364K, committed 6720K, reserved 1048576K
}
Event: 11.235 GC heap after
{Heap after GC invocations=15 (full 0):
 garbage-first heap   total 69632K, used 33497K [0x0000000609400000, 0x0000000800000000)
  region size 4096K, 1 young (4096K), 1 survivors (4096K)
 Metaspace       used 45760K, committed 46528K, reserved 1114112K
  class space    used 6364K, committed 6720K, reserved 1048576K
}
Event: 12.162 GC heap before
{Heap before GC invocations=16 (full 0):
 garbage-first heap   total 69632K, used 58073K [0x0000000609400000, 0x0000000800000000)
  region size 4096K, 7 young (28672K), 1 survivors (4096K)
 Metaspace       used 52317K, committed 52992K, reserved 1114112K
  class space    used 7435K, committed 7744K, reserved 1048576K
}

Dll operation events (13 events):
Event: 0.010 Loaded shared library C:\Program Files\Eclipse Adoptium\jdk-21.0.4.7-hotspot\bin\java.dll
Event: 0.227 Loaded shared library C:\Program Files\Eclipse Adoptium\jdk-21.0.4.7-hotspot\bin\zip.dll
Event: 0.230 Loaded shared library C:\Program Files\Eclipse Adoptium\jdk-21.0.4.7-hotspot\bin\instrument.dll
Event: 0.245 Loaded shared library C:\Program Files\Eclipse Adoptium\jdk-21.0.4.7-hotspot\bin\net.dll
Event: 0.247 Loaded shared library C:\Program Files\Eclipse Adoptium\jdk-21.0.4.7-hotspot\bin\nio.dll
Event: 0.250 Loaded shared library C:\Program Files\Eclipse Adoptium\jdk-21.0.4.7-hotspot\bin\zip.dll
Event: 0.336 Loaded shared library C:\Program Files\Eclipse Adoptium\jdk-21.0.4.7-hotspot\bin\jimage.dll
Event: 0.514 Loaded shared library C:\Program Files\JetBrains\IntelliJ IDEA 2024.2.3\bin\breakgen64.dll
Event: 0.525 Loaded shared library C:\Program Files\Eclipse Adoptium\jdk-21.0.4.7-hotspot\bin\extnet.dll
Event: 0.535 Loaded shared library C:\Program Files\Eclipse Adoptium\jdk-21.0.4.7-hotspot\bin\management.dll
Event: 0.547 Loaded shared library C:\Program Files\Eclipse Adoptium\jdk-21.0.4.7-hotspot\bin\management_ext.dll
Event: 0.893 Loaded shared library C:\Program Files\Eclipse Adoptium\jdk-21.0.4.7-hotspot\bin\verify.dll
Event: 4.259 Loaded shared library C:\Program Files\Eclipse Adoptium\jdk-21.0.4.7-hotspot\bin\sunmscapi.dll

Deoptimization events (4 events):
Event: 9.267 Thread 0x000001aee5749480 DEOPT PACKING pc=0x000001ae8ee3b4ec sp=0x0000007281cfdd10
Event: 9.267 Thread 0x000001aee5749480 DEOPT UNPACKING pc=0x000001ae8e3b4e42 sp=0x0000007281cfd2b8 mode 0
Event: 10.927 Thread 0x000001aee5749480 DEOPT PACKING pc=0x000001ae8e59d691 sp=0x0000007281cfcb70
Event: 10.927 Thread 0x000001aee5749480 DEOPT UNPACKING pc=0x000001ae8e3b4e42 sp=0x0000007281cfc078 mode 3

Classes loaded (20 events):
Event: 11.644 Loading class javax/xml/stream/events/Attribute
Event: 11.644 Loading class javax/xml/stream/events/Attribute done
Event: 11.644 Loading class javax/xml/stream/events/EntityReference
Event: 11.644 Loading class javax/xml/stream/events/EntityReference done
Event: 11.644 Loading class javax/xml/stream/events/Namespace
Event: 11.645 Loading class javax/xml/stream/events/Namespace done
Event: 11.645 Loading class javax/xml/stream/events/StartElement
Event: 11.645 Loading class javax/xml/stream/events/StartElement done
Event: 11.700 Loading class java/lang/reflect/GenericSignatureFormatError
Event: 11.700 Loading class java/lang/reflect/GenericSignatureFormatError done
Event: 11.742 Loading class java/io/Console
Event: 11.742 Loading class java/io/Console done
Event: 12.051 Loading class javax/naming/InvalidNameException
Event: 12.051 Loading class javax/naming/InvalidNameException done
Event: 12.051 Loading class javax/naming/event/NamingListener
Event: 12.051 Loading class javax/naming/event/NamingListener done
Event: 12.052 Loading class javax/naming/event/NamespaceChangeListener
Event: 12.052 Loading class javax/naming/event/NamespaceChangeListener done
Event: 12.158 Loading class java/util/regex/Pattern$1MatcherIterator
Event: 12.158 Loading class java/util/regex/Pattern$1MatcherIterator done

Classes unloaded (0 events):
No events

Classes redefined (0 events):
No events

Internal exceptions (20 events):
Event: 9.567 Thread 0x000001aee5749480 Exception <a 'java/lang/NoSuchMethodError'{0x000000060cb31718}: 'java.lang.Object java.lang.invoke.DirectMethodHandle$Holder.newInvokeSpecial(java.lang.Object, java.lang.Object, java.lang.Object, int)'> (0x000000060cb31718) 
thrown [s\src\hotspot\share\interpreter\linkResolver.cpp, line 773]
Event: 9.568 Thread 0x000001aee5749480 Exception <a 'java/lang/NoSuchMethodError'{0x000000060cb35658}: 'java.lang.Object java.lang.invoke.DirectMethodHandle$Holder.invokeSpecial(java.lang.Object, java.lang.Object, java.lang.Object, java.lang.Object, int)'> (0x000000060cb35658) 
thrown [s\src\hotspot\share\interpreter\linkResolver.cpp, line 773]
Event: 9.568 Thread 0x000001aee5749480 Exception <a 'java/lang/NoSuchMethodError'{0x000000060cb38be8}: 'java.lang.Object java.lang.invoke.Invokers$Holder.linkToTargetMethod(java.lang.Object, java.lang.Object, int, java.lang.Object)'> (0x000000060cb38be8) 
thrown [s\src\hotspot\share\interpreter\linkResolver.cpp, line 773]
Event: 9.894 Thread 0x000001aee5749480 Exception <a 'java/lang/NoSuchMethodError'{0x000000060cbb3238}: 'int java.lang.invoke.DirectMethodHandle$Holder.invokeStatic(java.lang.Object, int, java.lang.Object)'> (0x000000060cbb3238) 
thrown [s\src\hotspot\share\interpreter\linkResolver.cpp, line 773]
Event: 9.982 Thread 0x000001aee5749480 Exception <a 'java/lang/NoSuchMethodError'{0x000000060be84578}: 'int java.lang.invoke.DirectMethodHandle$Holder.invokeVirtual(java.lang.Object, java.lang.Object, java.lang.Object, java.lang.Object)'> (0x000000060be84578) 
thrown [s\src\hotspot\share\interpreter\linkResolver.cpp, line 773]
Event: 9.982 Thread 0x000001aee5749480 Exception <a 'java/lang/NoSuchMethodError'{0x000000060be87e38}: 'int java.lang.invoke.DelegatingMethodHandle$Holder.reinvoke_L(java.lang.Object, java.lang.Object, java.lang.Object, java.lang.Object)'> (0x000000060be87e38) 
thrown [s\src\hotspot\share\interpreter\linkResolver.cpp, line 773]
Event: 10.064 Thread 0x000001aee5749480 Exception <a 'java/io/FileNotFoundException'{0x0000000628943f98}> (0x0000000628943f98) 
thrown [s\src\hotspot\share\prims\jni.cpp, line 520]
Event: 10.097 Thread 0x000001aee5749480 Exception <a 'java/lang/NoSuchMethodError'{0x00000006280eb580}: 'int java.lang.invoke.DirectMethodHandle$Holder.invokeInterface(java.lang.Object, java.lang.Object, java.lang.Object, java.lang.Object)'> (0x00000006280eb580) 
thrown [s\src\hotspot\share\interpreter\linkResolver.cpp, line 773]
Event: 10.205 Thread 0x000001aee5749480 Exception <a 'java/lang/NoSuchMethodError'{0x0000000627d85320}: 'java.lang.Object java.lang.invoke.DirectMethodHandle$Holder.invokeStaticInit(java.lang.Object, java.lang.Object, java.lang.Object, java.lang.Object)'> (0x0000000627d85320) 
thrown [s\src\hotspot\share\interpreter\linkResolver.cpp, line 773]
Event: 10.208 Thread 0x000001aee5749480 Exception <a 'java/lang/IncompatibleClassChangeError'{0x0000000627d9d2c8}: Found class java.lang.Object, but interface was expected> (0x0000000627d9d2c8) 
thrown [s\src\hotspot\share\interpreter\linkResolver.cpp, line 840]
Event: 10.210 Thread 0x000001aee5749480 Exception <a 'java/lang/IncompatibleClassChangeError'{0x0000000627dab3a8}: Found class java.lang.Object, but interface was expected> (0x0000000627dab3a8) 
thrown [s\src\hotspot\share\interpreter\linkResolver.cpp, line 840]
Event: 10.256 Thread 0x000001aee5749480 Exception <a 'java/lang/IncompatibleClassChangeError'{0x0000000627f57fe0}: Found class java.lang.Object, but interface was expected> (0x0000000627f57fe0) 
thrown [s\src\hotspot\share\interpreter\linkResolver.cpp, line 840]
Event: 10.444 Thread 0x000001aee5749480 Exception <a 'java/lang/NoSuchMethodError'{0x000000060c236d30}: method resolution failed> (0x000000060c236d30) 
thrown [s\src\hotspot\share\prims\methodHandles.cpp, line 1144]
Event: 10.460 Thread 0x000001aee5749480 Exception <a 'java/lang/NoSuchMethodError'{0x000000060c28ee80}: 'int java.lang.invoke.DirectMethodHandle$Holder.invokeStaticInit(java.lang.Object, java.lang.Object, java.lang.Object, java.lang.Object)'> (0x000000060c28ee80) 
thrown [s\src\hotspot\share\interpreter\linkResolver.cpp, line 773]
Event: 10.528 Thread 0x000001aee5749480 Exception <a 'sun/nio/fs/WindowsException'{0x000000062881d770}> (0x000000062881d770) 
thrown [s\src\hotspot\share\prims\jni.cpp, line 520]
Event: 10.548 Thread 0x000001aee5749480 Exception <a 'java/lang/NoSuchMethodError'{0x0000000628886820}: 'int java.lang.invoke.DirectMethodHandle$Holder.invokeInterface(java.lang.Object, java.lang.Object, int)'> (0x0000000628886820) 
thrown [s\src\hotspot\share\interpreter\linkResolver.cpp, line 773]
Event: 10.548 Thread 0x000001aee5749480 Exception <a 'java/lang/IncompatibleClassChangeError'{0x00000006288b6a80}: Found class java.lang.Object, but interface was expected> (0x00000006288b6a80) 
thrown [s\src\hotspot\share\interpreter\linkResolver.cpp, line 840]
Event: 10.851 Thread 0x000001aee5749480 Exception <a 'java/io/FileNotFoundException'{0x000000060c903158}> (0x000000060c903158) 
thrown [s\src\hotspot\share\prims\jni.cpp, line 520]
Event: 10.932 Thread 0x000001aee5749480 Exception <a 'java/lang/NoSuchMethodError'{0x000000060c499600}: 'java.lang.Object java.lang.invoke.DirectMethodHandle$Holder.newInvokeSpecial(java.lang.Object, java.lang.Object, java.lang.Object, java.lang.Object, java.lang.Object, java.lang.Object, java.lang.Object, java.lang.Object, java.lang.Object, java.lang.Object, java.lang.Object)'> (0x000000060c499600) 
thrown [s\src\hotspot\share\interpreter\linkResolver.cpp, line 773]
Event: 11.190 Thread 0x000001aee5749480 Exception <a 'java/lang/NoSuchMethodError'{0x000000060c260b70}: 'void java.lang.invoke.DelegatingMethodHandle$Holder.reinvoke_L(java.lang.Object, java.lang.Object, java.lang.Object, java.lang.Object, int, java.lang.Object, java.lang.Object, java.lang.Object)'> (0x000000060c260b70) 
thrown [s\src\hotspot\share\interpreter\linkResolver.cpp, line 773]

ZGC Phase Switch (0 events):
No events

VM Operations (20 events):
Event: 10.721 Executing VM operation: HandshakeAllThreads (Deoptimize) done
Event: 10.723 Executing VM operation: HandshakeAllThreads (Deoptimize)
Event: 10.723 Executing VM operation: HandshakeAllThreads (Deoptimize) done
Event: 10.794 Executing VM operation: HandshakeAllThreads (Deoptimize)
Event: 10.794 Executing VM operation: HandshakeAllThreads (Deoptimize) done
Event: 10.795 Executing VM operation: HandshakeAllThreads (Deoptimize)
Event: 10.795 Executing VM operation: HandshakeAllThreads (Deoptimize) done
Event: 10.855 Executing VM operation: HandshakeAllThreads (Deoptimize)
Event: 10.855 Executing VM operation: HandshakeAllThreads (Deoptimize) done
Event: 10.920 Executing VM operation: HandshakeAllThreads (Deoptimize)
Event: 10.920 Executing VM operation: HandshakeAllThreads (Deoptimize) done
Event: 11.233 Executing VM operation: G1CollectForAllocation (G1 Evacuation Pause)
Event: 11.235 Executing VM operation: G1CollectForAllocation (G1 Evacuation Pause) done
Event: 11.250 Executing VM operation: G1PauseRemark
Event: 11.253 Executing VM operation: G1PauseRemark done
Event: 11.257 Executing VM operation: G1PauseCleanup
Event: 11.257 Executing VM operation: G1PauseCleanup done
Event: 11.286 Executing VM operation: HandshakeAllThreads (Deoptimize)
Event: 11.286 Executing VM operation: HandshakeAllThreads (Deoptimize) done
Event: 12.162 Executing VM operation: G1CollectForAllocation (G1 Evacuation Pause)

Memory protections (0 events):
No events

Nmethod flushes (20 events):
Event: 11.252 Thread 0x000001aee0000700 flushing  nmethod 0x000001ae8e9af590
Event: 11.252 Thread 0x000001aee0000700 flushing  nmethod 0x000001ae8ecef510
Event: 11.252 Thread 0x000001aee0000700 flushing  nmethod 0x000001ae8ecf2710
Event: 11.252 Thread 0x000001aee0000700 flushing  nmethod 0x000001ae8ecf3b10
Event: 11.252 Thread 0x000001aee0000700 flushing  nmethod 0x000001ae8ed1f810
Event: 11.252 Thread 0x000001aee0000700 flushing  nmethod 0x000001ae8ed16010
Event: 11.252 Thread 0x000001aee0000700 flushing  nmethod 0x000001ae8ed17810
Event: 11.252 Thread 0x000001aee0000700 flushing  nmethod 0x000001ae8ed18d90
Event: 11.252 Thread 0x000001aee0000700 flushing  nmethod 0x000001ae8ebf1010
Event: 11.252 Thread 0x000001aee0000700 flushing  nmethod 0x000001ae8ec21b10
Event: 11.252 Thread 0x000001aee0000700 flushing  nmethod 0x000001ae8e693990
Event: 11.252 Thread 0x000001aee0000700 flushing  nmethod 0x000001ae8e694710
Event: 11.252 Thread 0x000001aee0000700 flushing  nmethod 0x000001ae8e695a10
Event: 11.252 Thread 0x000001aee0000700 flushing  nmethod 0x000001ae8e838e90
Event: 11.252 Thread 0x000001aee0000700 flushing  nmethod 0x000001ae8ec96990
Event: 11.252 Thread 0x000001aee0000700 flushing  nmethod 0x000001ae8eca7310
Event: 11.252 Thread 0x000001aee0000700 flushing  nmethod 0x000001ae8ecae110
Event: 11.252 Thread 0x000001aee0000700 flushing  nmethod 0x000001ae8ecae910
Event: 11.252 Thread 0x000001aee0000700 flushing  nmethod 0x000001ae8e5bfa90
Event: 11.252 Thread 0x000001aee0000700 flushing  nmethod 0x000001ae8e934a10

Events (20 events):
Event: 8.876 Thread 0x000001aee0c366f0 Thread added: 0x000001aee57473b0
Event: 8.881 Thread 0x000001aee57473b0 Thread exited: 0x000001aee57473b0
Event: 9.385 Thread 0x000001aee0c366f0 Thread added: 0x000001aee5746000
Event: 9.391 Thread 0x000001aee5746000 Thread exited: 0x000001aee5746000
Event: 9.893 Thread 0x000001aee0c366f0 Thread added: 0x000001aee57473b0
Event: 9.898 Thread 0x000001aee57473b0 Thread exited: 0x000001aee57473b0
Event: 10.401 Thread 0x000001aee0c366f0 Thread added: 0x000001aee5748df0
Event: 10.407 Thread 0x000001aee5748df0 Thread exited: 0x000001aee5748df0
Event: 10.645 Thread 0x000001aee5749480 Thread added: 0x000001aee57480d0
Event: 10.667 Thread 0x000001aee5749480 Thread added: 0x000001aee5748760
Event: 10.771 Thread 0x000001aee5748760 Thread added: 0x000001aee57473b0
Event: 10.863 Thread 0x000001aee5749480 Thread added: 0x000001aee5748df0
Event: 10.864 Thread 0x000001aee5748df0 Thread added: 0x000001aee5746000
Event: 10.873 Thread 0x000001aee5749480 Thread added: 0x000001aee799a9a0
Event: 10.909 Thread 0x000001aee0c366f0 Thread added: 0x000001aee799e4b0
Event: 10.915 Thread 0x000001aee799e4b0 Thread exited: 0x000001aee799e4b0
Event: 11.418 Thread 0x000001aee0c366f0 Thread added: 0x000001aee799eb40
Event: 11.425 Thread 0x000001aee799eb40 Thread exited: 0x000001aee799eb40
Event: 11.928 Thread 0x000001aee0c366f0 Thread added: 0x000001aee799c3e0
Event: 11.934 Thread 0x000001aee799c3e0 Thread exited: 0x000001aee799c3e0


Dynamic libraries:
0x00007ff604130000 - 0x00007ff60413e000 	C:\Program Files\Eclipse Adoptium\jdk-21.0.4.7-hotspot\bin\java.exe
0x00007ffe3f2f0000 - 0x00007ffe3f4e8000 	C:\WINDOWS\SYSTEM32\ntdll.dll
0x00007ffe3e4b0000 - 0x00007ffe3e572000 	C:\WINDOWS\System32\KERNEL32.DLL
0x00007ffe3c990000 - 0x00007ffe3cc8e000 	C:\WINDOWS\System32\KERNELBASE.dll
0x00007ffe3cc90000 - 0x00007ffe3cd90000 	C:\WINDOWS\System32\ucrtbase.dll
0x00007ffe124f0000 - 0x00007ffe1250b000 	C:\Program Files\Eclipse Adoptium\jdk-21.0.4.7-hotspot\bin\VCRUNTIME140.dll
0x00007ffe0fe00000 - 0x00007ffe0fe18000 	C:\Program Files\Eclipse Adoptium\jdk-21.0.4.7-hotspot\bin\jli.dll
0x00007ffe3e140000 - 0x00007ffe3e2dd000 	C:\WINDOWS\System32\USER32.dll
0x00007ffe3cd90000 - 0x00007ffe3cdb2000 	C:\WINDOWS\System32\win32u.dll
0x00007ffe3d500000 - 0x00007ffe3d52b000 	C:\WINDOWS\System32\GDI32.dll
0x00007ffe24910000 - 0x00007ffe24baa000 	C:\WINDOWS\WinSxS\amd64_microsoft.windows.common-controls_6595b64144ccf1df_6.0.19041.4355_none_60b8b9eb71f62e16\COMCTL32.dll
0x00007ffe3d120000 - 0x00007ffe3d237000 	C:\WINDOWS\System32\gdi32full.dll
0x00007ffe3d240000 - 0x00007ffe3d2dd000 	C:\WINDOWS\System32\msvcp_win.dll
0x00007ffe3e5b0000 - 0x00007ffe3e64e000 	C:\WINDOWS\System32\msvcrt.dll
0x00007ffe3e580000 - 0x00007ffe3e5af000 	C:\WINDOWS\System32\IMM32.DLL
0x00007ffe2d5f0000 - 0x00007ffe2d5fc000 	C:\Program Files\Eclipse Adoptium\jdk-21.0.4.7-hotspot\bin\vcruntime140_1.dll
0x00007ffdfc9a0000 - 0x00007ffdfca2e000 	C:\Program Files\Eclipse Adoptium\jdk-21.0.4.7-hotspot\bin\msvcp140.dll
0x00007ffdb85e0000 - 0x00007ffdb9368000 	C:\Program Files\Eclipse Adoptium\jdk-21.0.4.7-hotspot\bin\server\jvm.dll
0x00007ffe3e3f0000 - 0x00007ffe3e4a2000 	C:\WINDOWS\System32\ADVAPI32.dll
0x00007ffe3e350000 - 0x00007ffe3e3f0000 	C:\WINDOWS\System32\sechost.dll
0x00007ffe3dda0000 - 0x00007ffe3dec3000 	C:\WINDOWS\System32\RPCRT4.dll
0x00007ffe3d2e0000 - 0x00007ffe3d307000 	C:\WINDOWS\System32\bcrypt.dll
0x00007ffe3e2e0000 - 0x00007ffe3e34b000 	C:\WINDOWS\System32\WS2_32.dll
0x00007ffe3c740000 - 0x00007ffe3c78b000 	C:\WINDOWS\SYSTEM32\POWRPROF.dll
0x00007ffe2eb80000 - 0x00007ffe2eba7000 	C:\WINDOWS\SYSTEM32\WINMM.dll
0x00007ffe31a60000 - 0x00007ffe31a6a000 	C:\WINDOWS\SYSTEM32\VERSION.dll
0x00007ffe3c720000 - 0x00007ffe3c732000 	C:\WINDOWS\SYSTEM32\UMPDC.dll
0x00007ffe3b170000 - 0x00007ffe3b182000 	C:\WINDOWS\SYSTEM32\kernel.appcore.dll
0x00007ffe2d150000 - 0x00007ffe2d15a000 	C:\Program Files\Eclipse Adoptium\jdk-21.0.4.7-hotspot\bin\jimage.dll
0x00007ffe39d20000 - 0x00007ffe39f04000 	C:\WINDOWS\SYSTEM32\DBGHELP.DLL
0x00007ffe394b0000 - 0x00007ffe394e4000 	C:\WINDOWS\SYSTEM32\dbgcore.DLL
0x00007ffe3cec0000 - 0x00007ffe3cf42000 	C:\WINDOWS\System32\bcryptPrimitives.dll
0x00007ffe29ce0000 - 0x00007ffe29cef000 	C:\Program Files\Eclipse Adoptium\jdk-21.0.4.7-hotspot\bin\instrument.dll
0x00007ffe0f5b0000 - 0x00007ffe0f5cf000 	C:\Program Files\Eclipse Adoptium\jdk-21.0.4.7-hotspot\bin\java.dll
0x00007ffe3eac0000 - 0x00007ffe3f22f000 	C:\WINDOWS\System32\SHELL32.dll
0x00007ffe3a9b0000 - 0x00007ffe3b154000 	C:\WINDOWS\SYSTEM32\windows.storage.dll
0x00007ffe3d5d0000 - 0x00007ffe3d923000 	C:\WINDOWS\System32\combase.dll
0x00007ffe3c210000 - 0x00007ffe3c23e000 	C:\WINDOWS\SYSTEM32\Wldp.dll
0x00007ffe3e910000 - 0x00007ffe3e9dd000 	C:\WINDOWS\System32\OLEAUT32.dll
0x00007ffe3d450000 - 0x00007ffe3d4fd000 	C:\WINDOWS\System32\SHCORE.dll
0x00007ffe3e0e0000 - 0x00007ffe3e135000 	C:\WINDOWS\System32\shlwapi.dll
0x00007ffe3c8c0000 - 0x00007ffe3c8e4000 	C:\WINDOWS\SYSTEM32\profapi.dll
0x00007ffe0a680000 - 0x00007ffe0a698000 	C:\Program Files\Eclipse Adoptium\jdk-21.0.4.7-hotspot\bin\zip.dll
0x00007ffe2bbf0000 - 0x00007ffe2bc00000 	C:\Program Files\Eclipse Adoptium\jdk-21.0.4.7-hotspot\bin\net.dll
0x00007ffe333c0000 - 0x00007ffe334cd000 	C:\WINDOWS\SYSTEM32\WINHTTP.dll
0x00007ffe3bff0000 - 0x00007ffe3c05a000 	C:\WINDOWS\system32\mswsock.dll
0x00007ffe0c490000 - 0x00007ffe0c4a6000 	C:\Program Files\Eclipse Adoptium\jdk-21.0.4.7-hotspot\bin\nio.dll
0x00007ffe0a5b0000 - 0x00007ffe0a5ca000 	C:\Program Files\JetBrains\IntelliJ IDEA 2024.2.3\bin\breakgen64.dll
0x00007ffe3bd30000 - 0x00007ffe3bdfa000 	C:\WINDOWS\SYSTEM32\DNSAPI.dll
0x00007ffe3bcf0000 - 0x00007ffe3bd2b000 	C:\WINDOWS\SYSTEM32\IPHLPAPI.DLL
0x00007ffe3d320000 - 0x00007ffe3d328000 	C:\WINDOWS\System32\NSI.dll
0x0000000054ed0000 - 0x0000000054ef6000 	C:\Program Files\Bonjour\mdnsNSP.dll
0x00007ffe30aa0000 - 0x00007ffe30aa9000 	C:\Program Files\Eclipse Adoptium\jdk-21.0.4.7-hotspot\bin\extnet.dll
0x00007ffe35d70000 - 0x00007ffe35d7a000 	C:\Windows\System32\rasadhlp.dll
0x00007ffe32e90000 - 0x00007ffe32f10000 	C:\WINDOWS\System32\fwpuclnt.dll
0x00007ffe30ad0000 - 0x00007ffe30ada000 	C:\Program Files\Eclipse Adoptium\jdk-21.0.4.7-hotspot\bin\management.dll
0x00007ffe30ac0000 - 0x00007ffe30acb000 	C:\Program Files\Eclipse Adoptium\jdk-21.0.4.7-hotspot\bin\management_ext.dll
0x00007ffe3d310000 - 0x00007ffe3d318000 	C:\WINDOWS\System32\PSAPI.DLL
0x00007ffe3c250000 - 0x00007ffe3c268000 	C:\WINDOWS\SYSTEM32\CRYPTSP.dll
0x00007ffe3b930000 - 0x00007ffe3b964000 	C:\WINDOWS\system32\rsaenh.dll
0x00007ffe3c840000 - 0x00007ffe3c86e000 	C:\WINDOWS\SYSTEM32\USERENV.dll
0x00007ffe3c180000 - 0x00007ffe3c18c000 	C:\WINDOWS\SYSTEM32\CRYPTBASE.dll
0x00007ffe11c60000 - 0x00007ffe11c77000 	C:\WINDOWS\system32\napinsp.dll
0x00007ffe11c20000 - 0x00007ffe11c3b000 	C:\WINDOWS\system32\pnrpnsp.dll
0x00007ffe37b80000 - 0x00007ffe37b95000 	C:\WINDOWS\system32\wshbth.dll
0x00007ffe36350000 - 0x00007ffe3636d000 	C:\WINDOWS\system32\NLAapi.dll
0x00007ffe11b70000 - 0x00007ffe11b82000 	C:\WINDOWS\System32\winrnr.dll
0x00007ffe236e0000 - 0x00007ffe236f0000 	C:\Program Files\Eclipse Adoptium\jdk-21.0.4.7-hotspot\bin\verify.dll
0x00007ffe1b610000 - 0x00007ffe1b663000 	C:\WINDOWS\SYSTEM32\pdh.dll
0x00007ffe3a0d0000 - 0x00007ffe3a0df000 	C:\WINDOWS\System32\perfproc.dll
0x00007ffe04100000 - 0x00007ffe0410f000 	C:\WINDOWS\System32\perfos.dll
0x00007ffe30ab0000 - 0x00007ffe30abe000 	C:\Program Files\Eclipse Adoptium\jdk-21.0.4.7-hotspot\bin\sunmscapi.dll
0x00007ffe3cfc0000 - 0x00007ffe3d11c000 	C:\WINDOWS\System32\CRYPT32.dll
0x00007ffe3c3c0000 - 0x00007ffe3c3e7000 	C:\WINDOWS\SYSTEM32\ncrypt.dll
0x00007ffe3c380000 - 0x00007ffe3c3bb000 	C:\WINDOWS\SYSTEM32\NTASN1.dll

dbghelp: loaded successfully - version: 4.0.5 - missing functions: none
symbol engine: initialized successfully - sym options: 0x614 - pdb path: .;C:\Program Files\Eclipse Adoptium\jdk-21.0.4.7-hotspot\bin;C:\WINDOWS\SYSTEM32;C:\WINDOWS\WinSxS\amd64_microsoft.windows.common-controls_6595b64144ccf1df_6.0.19041.4355_none_60b8b9eb71f62e16;C:\Program Files\Eclipse Adoptium\jdk-21.0.4.7-hotspot\bin\server;C:\Program Files\JetBrains\IntelliJ IDEA 2024.2.3\bin;C:\Program Files\Bonjour

VM Arguments:
jvm_args: -XX:TieredStopAtLevel=1 -Dspring.output.ansi.enabled=always -Dcom.sun.management.jmxremote -Dspring.jmx.enabled=true -Dspring.liveBeansView.mbeanDomain -Dspring.application.admin.enabled=true -Dmanagement.endpoints.jmx.exposure.include=* -javaagent:C:\Program Files\JetBrains\IntelliJ IDEA 2024.2.3\lib\idea_rt.jar=52282:C:\Program Files\JetBrains\IntelliJ IDEA 2024.2.3\bin -Dfile.encoding=UTF-8 -Dsun.stdout.encoding=UTF-8 -Dsun.stderr.encoding=UTF-8 
java_command: com.energytracker.userservice.UserserviceApplication
java_class_path (initial): H:\Mi unidad\UOC\13oSemestre\TFG\Workspace\energytracker\userservice\target\classes;C:\Users\krono\.m2\repository\org\springframework\boot\spring-boot-starter-data-jpa\3.3.5\spring-boot-starter-data-jpa-3.3.5.jar;C:\Users\krono\.m2\repository\org\springframework\boot\spring-boot-starter-aop\3.3.5\spring-boot-starter-aop-3.3.5.jar;C:\Users\krono\.m2\repository\org\aspectj\aspectjweaver\1.9.22.1\aspectjweaver-1.9.22.1.jar;C:\Users\krono\.m2\repository\org\springframework\boot\spring-boot-starter-jdbc\3.3.5\spring-boot-starter-jdbc-3.3.5.jar;C:\Users\krono\.m2\repository\com\zaxxer\HikariCP\5.1.0\HikariCP-5.1.0.jar;C:\Users\krono\.m2\repository\org\springframework\spring-jdbc\6.1.14\spring-jdbc-6.1.14.jar;C:\Users\krono\.m2\repository\org\hibernate\orm\hibernate-core\6.5.3.Final\hibernate-core-6.5.3.Final.jar;C:\Users\krono\.m2\repository\jakarta\persistence\jakarta.persistence-api\3.1.0\jakarta.persistence-api-3.1.0.jar;C:\Users\krono\.m2\repository\jakarta\transaction\jakarta.transaction-api\2.0.1\jakarta.transaction-api-2.0.1.jar;C:\Users\krono\.m2\repository\org\jboss\logging\jboss-logging\3.5.3.Final\jboss-logging-3.5.3.Final.jar;C:\Users\krono\.m2\repository\org\hibernate\common\hibernate-commons-annotations\6.0.6.Final\hibernate-commons-annotations-6.0.6.Final.jar;C:\Users\krono\.m2\repository\io\smallrye\jandex\3.1.2\jandex-3.1.2.jar;C:\Users\krono\.m2\repository\com\fasterxml\classmate\1.7.0\classmate-1.7.0.jar;C:\Users\krono\.m2\repository\net\bytebuddy\byte-buddy\1.14.19\byte-buddy-1.14.19.jar;C:\Users\krono\.m2\repository\org\glassfish\jaxb\jaxb-runtime\4.0.5\jaxb-runtime-4.0.5.jar;C:\Users\krono\.m2\repository\org\glassfish\jaxb\jaxb-core\4.0.5\jaxb-core-4.0.5.jar;C:\Users\krono\.m2\repository\org\eclipse\angus\angus-activation\2.0.2\angus-activation-2.0.2.jar;C:\Users\krono\.m2\repository\org\glassfish\jaxb\txw2\4.0.5\txw2-4.0.5.jar;C:\Users\krono\.m2\repository\com\sun\istack\istack-commons-runtime\4.1.2\istack-commons-runtime-4.1.2.jar;C:\Users\krono\.m2\repository\jakarta\inject\jakarta.inject-api\2.0.1\jakarta.inject-api-2.0.1.jar;C:\Users\krono\.m2\repository\org\antlr\antlr4-runtime\4.13.0\antlr4-runtime-4.13.0.jar;C:\Users\krono\.m2\repository\org\springframework\data\spring-data-jpa\3.3.5\spring-data-jpa-3.3.5.jar;C:\Users\krono\.m2\repository\org\springframework\data\spring-data-commons\3.3.5\spring-data-commons-3.3.5.jar;C:\Users\krono\.m2\repository\org\springframework\spring-orm\6.1.14\spring-orm-6.1.14.jar;C:\Users\krono\.m2\repository\org\springframework\spring-context\6.1.14\spring-context-6.1.14.jar;C:\Users\krono\.m2\repository\org\springframework\spring-tx\6.1.14\spring-tx-6.1.14.jar;C:\Users\krono\.m2\repository\org\springframework\spring-beans\6.1.14\spring-beans-6.1.14.jar;C:\Users\krono\.m2\repository\jakarta\annotation\jakarta.annotation-api\2.1.1\jakarta.annotation-api-2.1.1.jar;C:\Users\krono\.m2\repository\org\slf4j\slf4j-api\2.0.16\slf4j-api-2.0.16.jar;C:\Users\krono\.m2\repository\org\springframework\spring-aspects\6.1.14\spring-aspects-6.1.14.jar;C:\Users\krono\.m2\repository\org\springframework\boot\spring-boot-starter-security\3.3.5\spring-boot-starter-security-3.3.5.jar;C:\Users\krono\.m2\repository\org\springframework\boot\spring-boot-starter\3.3.5\spring-boot-starter-3.3.5.jar;C:\Users\krono\.m2\repository\org\springframework\boot\spring-boot-starter-logging\3.3.5\spring-boot-starter-logging-3.3.5.jar;C:\Users\krono\.m2\repository\ch\qos\logback\logback-classic\1.5.11\logback-classic-1.5.11.jar;C:\Users\krono\.m2\repository\ch\qos\logback\logback-core\1.5.11\logback-core-1.5.11.jar;C:\Users\krono\.m2\repository\org\apache\logging\log4j\log4j-to-slf4j\2.23.1\log4j-to-slf4j-2.23.1.jar;C:\Users\krono\.m2\repository\org\apache\logging\log4j\log4j-api\2.23.1\log4j-api-2.23.1.jar;C:\Users\krono\.m2\repository\org\slf4j\jul-to-slf4j\2.0.16\jul-to-slf4j-2.0.16.jar;C:\Users\krono\.m2\repository\org\yaml\snakeyaml\2.2\snakeyaml-2.2.jar;C:\Users\krono\.m2\repository\org\springframework\spring-aop\6.1.14\spring-aop-6.1.14.jar;C:\Users\krono\.m2\repository\org\springframework\security\spring-security-config\6.3.4\spring-security-config-6.3.4.jar;C:\Users\krono\.m2\repository\org\springframework\security\spring-security-web\6.3.4\spring-security-web-6.3.4.jar;C:\Users\krono\.m2\repository\org\springframework\spring-expression\6.1.14\spring-expression-6.1.14.jar;C:\Users\krono\.m2\repository\org\springframework\cloud\spring-cloud-starter-netflix-eureka-client\4.1.3\spring-cloud-starter-netflix-eureka-client-4.1.3.jar;C:\Users\krono\.m2\repository\org\springframework\cloud\spring-cloud-starter\4.1.4\spring-cloud-starter-4.1.4.jar;C:\Users\krono\.m2\repository\org\springframework\cloud\spring-cloud-context\4.1.4\spring-cloud-context-4.1.4.jar;C:\Users\krono\.m2\repository\org\springframework\cloud\spring-cloud-commons\4.1.4\spring-cloud-commons-4.1.4.jar;C:\Users\krono\.m2\repository\org\springframework\security\spring-security-rsa\1.1.3\spring-security-rsa-1.1.3.jar;C:\Users\krono\.m2\repository\org\bouncycastle\bcprov-jdk18on\1.78\bcprov-jdk18on-1.78.jar;C:\Users\krono\.m2\repository\org\springframework\cloud\spring-cloud-netflix-eureka-client\4.1.3\spring-cloud-netflix-eureka-client-4.1.3.jar;C:\Users\krono\.m2\repository\org\apache\httpcomponents\client5\httpclient5\5.3.1\httpclient5-5.3.1.jar;C:\Users\krono\.m2\repository\org\apache\httpcomponents\core5\httpcore5\5.2.5\httpcore5-5.2.5.jar;C:\Users\krono\.m2\repository\org\apache\httpcomponents\core5\httpcore5-h2\5.2.5\httpcore5-h2-5.2.5.jar;C:\Users\krono\.m2\repository\com\netflix\eureka\eureka-client\2.0.3\eureka-client-2.0.3.jar;C:\Users\krono\.m2\repository\com\thoughtworks\xstream\xstream\1.4.20\xstream-1.4.20.jar;C:\Users\krono\.m2\repository\io\github\x-stream\mxparser\1.2.2\mxparser-1.2.2.jar;C:\Users\krono\.m2\repository\xmlpull\xmlpull\1.1.3.1\xmlpull-1.1.3.1.jar;C:\Users\krono\.m2\repository\jakarta\ws\rs\jakarta.ws.rs-api\3.1.0\jakarta.ws.rs-api-3.1.0.jar;C:\Users\krono\.m2\repository\com\netflix\spectator\spectator-api\1.7.3\spectator-api-1.7.3.jar;C:\Users\krono\.m2\repository\commons-configuration\commons-configuration\1.10\commons-configuration-1.10.jar;C:\Users\krono\.m2\repository\commons-lang\commons-lang\2.6\commons-lang-2.6.jar;C:\Users\krono\.m2\repository\com\fasterxml\jackson\core\jackson-annotations\2.17.2\jackson-annotations-2.17.2.jar;C:\Users\krono\.m2\repository\com\fasterxml\jackson\core\jackson-core\2.17.2\jackson-core-2.17.2.jar;C:\Users\krono\.m2\repository\com\netflix\netflix-commons\netflix-eventbus\0.3.0\netflix-eventbus-0.3.0.jar;C:\Users\krono\.m2\repository\com\netflix\netflix-commons\netflix-infix\0.3.0\netflix-infix-0.3.0.jar;C:\Users\krono\.m2\repository\commons-jxpath\commons-jxpath\1.3\commons-jxpath-1.3.jar;C:\Users\krono\.m2\repository\joda-time\joda-time\2.3\joda-time-2.3.jar;C:\Users\krono\.m2\repository\org\antlr\antlr-runtime\3.4\antlr-runtime-3.4.jar;C:\Users\krono\.m2\repository\org\antlr\stringtemplate\3.2.1\stringtemplate-3.2.1.jar;C:\Users\krono\.m2\repository\antlr\antlr\2.7.7\antlr-2.7.7.jar;C:\Users\krono\.m2\repository\com\google\code\gson\gson\2.10.1\gson-2.10.1.jar;C:\Users\krono\.m2\repository\com\netflix\servo\servo-core\0.5.3\servo-core-0.5.3.jar;C:\Users\krono\.m2\repository\org\apache\commons\commons-math\2.2\commons-math-2.2.jar;C:\Users\krono\.m2\repository\javax\annotation\javax.annotation-api\1.2\javax.annotation-api-1.2.jar;C:\Users\krono\.m2\repository\org\codehaus\jettison\jettison\1.5.4\jettison-1.5.4.jar;C:\Users\krono\.m2\repository\com\netflix\eureka\eureka-core\2.0.3\eureka-core-2.0.3.jar;C:\Users\krono\.m2\repository\com\google\guava\guava\33.0.0-jre\guava-33.0.0-jre.jar;C:\Users\krono\.m2\repository\com\google\guava\failureaccess\1.0.2\failureaccess-1.0.2.jar;C:\Users\krono\.m2\repository\com\google\guava\listenablefuture\9999.0-empty-to-avoid-conflict-with-guava\listenablefuture-9999.0-empty-to-avoid-conflict-with-guava.jar;C:\Users\krono\.m2\repository\com\google\errorprone\error_prone_annotations\2.23.0\error_prone_annotations-2.23.0.jar;C:\Users\krono\.m2\repository\com\google\j2objc\j2objc-annotations\2.8\j2objc-annotations-2.8.jar;C:\Users\krono\.m2\repository\org\springframework\cloud\spring-cloud-starter-loadbalancer\4.1.4\spring-cloud-starter-loadbalancer-4.1.4.jar;C:\Users\krono\.m2\repository\org\springframework\cloud\spring-cloud-loadbalancer\4.1.4\spring-cloud-loadbalancer-4.1.4.jar;C:\Users\krono\.m2\repository\io\projectreactor\reactor-core\3.6.11\reactor-core-3.6.11.jar;C:\Users\krono\.m2\repository\org\reactivestreams\reactive-streams\1.0.4\reactive-streams-1.0.4.jar;C:\Users\krono\.m2\repository\io\projectreactor\addons\reactor-extra\3.5.2\reactor-extra-3.5.2.jar;C:\Users\krono\.m2\repository\org\springframework\boot\spring-boot-starter-cache\3.3.5\spring-boot-starter-cache-3.3.5.jar;C:\Users\krono\.m2\repository\org\springframework\spring-context-support\6.1.14\spring-context-support-6.1.14.jar;C:\Users\krono\.m2\repository\com\stoyanr\evictor\1.0.0\evictor-1.0.0.jar;C:\Users\krono\.m2\repository\com\fasterxml\woodstox\woodstox-core\6.4.0\woodstox-core-6.4.0.jar;C:\Users\krono\.m2\repository\org\codehaus\woodstox\stax2-api\4.2.1\stax2-api-4.2.1.jar;C:\Users\krono\.m2\repository\org\apache\httpcomponents\httpclient\4.5.13\httpclient-4.5.13.jar;C:\Users\krono\.m2\repository\org\apache\httpcomponents\httpcore\4.4.16\httpcore-4.4.16.jar;C:\Users\krono\.m2\repository\commons-logging\commons-logging\1.2\commons-logging-1.2.jar;C:\Users\krono\.m2\repository\commons-codec\commons-codec\1.16.1\commons-codec-1.16.1.jar;C:\Users\krono\.m2\repository\org\postgresql\postgresql\42.7.4\postgresql-42.7.4.jar;C:\Users\krono\.m2\repository\org\checkerframework\checker-qual\3.42.0\checker-qual-3.42.0.jar;C:\Users\krono\.m2\repository\org\springframework\security\spring-security-core\6.3.4\spring-security-core-6.3.4.jar;C:\Users\krono\.m2\repository\org\springframework\security\spring-security-crypto\6.3.4\spring-security-crypto-6.3.4.jar;C:\Users\krono\.m2\repository\org\springframework\spring-core\6.1.14\spring-core-6.1.14.jar;C:\Users\krono\.m2\repository\org\springframework\spring-jcl\6.1.14\spring-jcl-6.1.14.jar;C:\Users\krono\.m2\repository\org\springframework\boot\spring-boot-starter-actuator\3.3.5\spring-boot-starter-actuator-3.3.5.jar;C:\Users\krono\.m2\repository\org\springframework\boot\spring-boot-actuator-autoconfigure\3.3.5\spring-boot-actuator-autoconfigure-3.3.5.jar;C:\Users\krono\.m2\repository\org\springframework\boot\spring-boot-actuator\3.3.5\spring-boot-actuator-3.3.5.jar;C:\Users\krono\.m2\repository\com\fasterxml\jackson\datatype\jackson-datatype-jsr310\2.17.2\jackson-datatype-jsr310-2.17.2.jar;C:\Users\krono\.m2\repository\io\micrometer\micrometer-observation\1.13.6\micrometer-observation-1.13.6.jar;C:\Users\krono\.m2\repository\io\micrometer\micrometer-commons\1.13.6\micrometer-commons-1.13.6.jar;C:\Users\krono\.m2\repository\io\micrometer\micrometer-jakarta9\1.13.6\micrometer-jakarta9-1.13.6.jar;C:\Users\krono\.m2\repository\org\springframework\boot\spring-boot-starter-validation\3.3.5\spring-boot-starter-validation-3.3.5.jar;C:\Users\krono\.m2\repository\org\apache\tomcat\embed\tomcat-embed-el\10.1.31\tomcat-embed-el-10.1.31.jar;C:\Users\krono\.m2\repository\org\hibernate\validator\hibernate-validator\8.0.1.Final\hibernate-validator-8.0.1.Final.jar;C:\Users\krono\.m2\repository\jakarta\validation\jakarta.validation-api\3.0.2\jakarta.validation-api-3.0.2.jar;C:\Users\krono\.m2\repository\org\springframework\boot\spring-boot-starter-web\3.3.5\spring-boot-starter-web-3.3.5.jar;C:\Users\krono\.m2\repository\org\springframework\boot\spring-boot-starter-json\3.3.5\spring-boot-starter-json-3.3.5.jar;C:\Users\krono\.m2\repository\com\fasterxml\jackson\datatype\jackson-datatype-jdk8\2.17.2\jackson-datatype-jdk8-2.17.2.jar;C:\Users\krono\.m2\repository\org\springframework\boot\spring-boot-starter-tomcat\3.3.5\spring-boot-starter-tomcat-3.3.5.jar;C:\Users\krono\.m2\repository\org\apache\tomcat\embed\tomcat-embed-core\10.1.31\tomcat-embed-core-10.1.31.jar;C:\Users\krono\.m2\repository\org\apache\tomcat\embed\tomcat-embed-websocket\10.1.31\tomcat-embed-websocket-10.1.31.jar;C:\Users\krono\.m2\repository\org\springframework\spring-web\6.1.14\spring-web-6.1.14.jar;C:\Users\krono\.m2\repository\org\springframework\spring-webmvc\6.1.14\spring-webmvc-6.1.14.jar;C:\Users\krono\.m2\repository\org\springframework\boot\spring-boot-devtools\3.3.5\spring-boot-devtools-3.3.5.jar;C:\Users\krono\.m2\repository\org\springframework\boot\spring-boot\3.3.5\spring-boot-3.3.5.jar;C:\Users\krono\.m2\repository\org\springframework\boot\spring-boot-autoconfigure\3.3.5\spring-boot-autoconfigure-3.3.5.jar;C:\Users\krono\.m2\repository\org\springframework\boot\spring-boot-docker-compose\3.3.5\spring-boot-docker-compose-3.3.5.jar;C:\Users\krono\.m2\repository\com\fasterxml\jackson\core\jackson-databind\2.17.2\jackson-databind-2.17.2.jar;C:\Users\krono\.m2\repository\com\fasterxml\jackson\module\jackson-module-parameter-names\2.17.2\jackson-module-parameter-names-2.17.2.jar;C:\Users\krono\.m2\repository\com\h2database\h2\2.2.224\h2-2.2.224.jar;C:\Users\krono\.m2\repository\io\micrometer\micrometer-registry-prometheus\1.13.6\micrometer-registry-prometheus-1.13.6.jar;C:\Users\krono\.m2\repository\io\micrometer\micrometer-core\1.13.6\micrometer-core-1.13.6.jar;C:\Users\krono\.m2\repository\org\hdrhistogram\HdrHistogram\2.2.2\HdrHistogram-2.2.2.jar;C:\Users\krono\.m2\repository\org\latencyutils\LatencyUtils\2.0.3\LatencyUtils-2.0.3.jar;C:\Users\krono\.m2\repository\io\prometheus\prometheus-metrics-core\1.2.1\prometheus-metrics-core-1.2.1.jar;C:\Users\krono\.m2\repository\io\prometheus\prometheus-metrics-model\1.2.1\prometheus-metrics-model-1.2.1.jar;C:\Users\krono\.m2\repository\io\prometheus\prometheus-metrics-config\1.2.1\prometheus-metrics-config-1.2.1.jar;C:\Users\krono\.m2\repository\io\prometheus\prometheus-metrics-tracer-common\1.2.1\prometheus-metrics-tracer-common-1.2.1.jar;C:\Users\krono\.m2\repository\io\prometheus\prometheus-metrics-exposition-formats\1.2.1\prometheus-metrics-exposition-formats-1.2.1.jar;C:\Users\krono\.m2\repository\io\prometheus\prometheus-metrics-shaded-protobuf\1.2.1\prometheus-metrics-shaded-protobuf-1.2.1.jar;C:\Users\krono\.m2\repository\org\projectlombok\lombok\1.18.34\lombok-1.18.34.jar;C:\Users\krono\.m2\repository\jakarta\xml\bind\jakarta.xml.bind-api\4.0.2\jakarta.xml.bind-api-4.0.2.jar;C:\Users\krono\.m2\repository\jakarta\activation\jakarta.activation-api\2.1.3\jakarta.activation-api-2.1.3.jar
Launcher Type: SUN_STANDARD

[Global flags]
     intx CICompilerCount                          = 12                                        {product} {ergonomic}
     uint ConcGCThreads                            = 3                                         {product} {ergonomic}
     uint G1ConcRefinementThreads                  = 13                                        {product} {ergonomic}
   size_t G1HeapRegionSize                         = 4194304                                   {product} {ergonomic}
    uintx GCDrainStackTargetSize                   = 64                                        {product} {ergonomic}
   size_t InitialHeapSize                          = 528482304                                 {product} {ergonomic}
     bool ManagementServer                         = true                                      {product} {command line}
   size_t MarkStackSize                            = 4194304                                   {product} {ergonomic}
   size_t MaxHeapSize                              = 8434745344                                {product} {ergonomic}
   size_t MaxNewSize                               = 5058330624                                {product} {ergonomic}
   size_t MinHeapDeltaBytes                        = 4194304                                   {product} {ergonomic}
   size_t MinHeapSize                              = 8388608                                   {product} {ergonomic}
    uintx NonNMethodCodeHeapSize                   = 4096                                   {pd product} {ergonomic}
    uintx NonProfiledCodeHeapSize                  = 0                                      {pd product} {ergonomic}
     bool ProfileInterpreter                       = false                                  {pd product} {command line}
    uintx ProfiledCodeHeapSize                     = 0                                      {pd product} {ergonomic}
   size_t SoftMaxHeapSize                          = 8434745344                             {manageable} {ergonomic}
     intx TieredStopAtLevel                        = 1                                         {product} {command line}
     bool UseCompressedOops                        = true                           {product lp64_product} {ergonomic}
     bool UseG1GC                                  = true                                      {product} {ergonomic}
     bool UseLargePagesIndividualAllocation        = false                                  {pd product} {ergonomic}

Logging:
Log output configuration:
 #0: stdout all=warning uptime,level,tags foldmultilines=false
 #1: stderr all=off uptime,level,tags foldmultilines=false

Environment Variables:
JAVA_HOME=C:\Program Files\Eclipse Adoptium\jdk-21.0.4.7-hotspot\
CLASSPATH=C:\Program Files\Java\jdk1.8.0_261\bin;.;H:\Mi unidad\UOC\11oSemestre\Compiladores\Laboratorio\lib;H:\Mi unidad\UOC\11oSemestre\Compiladores\Laboratorio\lib\minimal;H:\Mi unidad\UOC\11oSemestre\Compiladores\Laboratorio\lib\java_cup;
PATH=C:\Program Files\Eclipse Adoptium\jdk-21.0.4.7-hotspot\bin;C:\Program Files\OpenLogic\jdk-11.0.20.8-hotspot\bin;E:\krono\product\18.0.0\dbhomeXE\bin;C:\Python311\Scripts\;C:\Python311\;C:\Program Files (x86)\VMware\VMware Player\bin\;C:\Python310\Scripts\;C:\Python310\;C:\Users\krono\AppData\Local\Programs\Python\Python39\Scripts\;C:\Users\krono\AppData\Local\Programs\Python\Python39\;C:\Program Files\Common Files\Oracle\Java\javapath;C:\Windows\system32;C:\Windows;C:\Windows\System32\Wbem;C:\Windows\System32\WindowsPowerShell\v1.0\;C:\Windows\System32\OpenSSH\;C:\Program Files (x86)\NVIDIA Corporation\PhysX\Common;C:\WINDOWS\system32;C:\WINDOWS;C:\WINDOWS\System32\Wbem;C:\WINDOWS\System32\WindowsPowerShell\v1.0\;C:\WINDOWS\System32\OpenSSH\;C:\Program Files\Git\cmd;C:\Program Files\Java\jdk1.8.0_261\bin;C:\ProgramData\chocolatey\bin;C:\Program Files\dotnet\;C:\Program Files\texlive\2022\bin\win32;C:\Program Files (x86)\Microsoft SQL Server\160\DTS\Binn\;C:\Program Files\Azure Data Studio\bin;C:\Users\krono\AppData\Roaming\nvm;C:\Program Files\nodejs;C:\Program Files\PostgreSQL\16\bin;C:\Program Files\Docker\Docker\resources\bin;C:\Program Files\nodejs;C:\Program Files\nodejs\;C:\Program Files\NVIDIA Corporation\NVIDIA app\NvDLISR;C:\Users\krono\AppData\Local\pnpm;C:\Users\krono\AppData\Roaming\TinyTeX\bin\win32;C:\Users\krono\scoop\shims;C:\Users\krono\AppData\Local\Microsoft\WindowsApps;C:\Users\krono\AppData\Local\Programs\Microsoft VS Code\bin;C:\Program Files\JetBrains\IntelliJ IDEA 2024.2.3\bin;;C:\Users\krono\AppData\Local\Programs\MiKTeX\miktex\bin\x64\;C:\Users\krono\AppData\Local\nvs\;C:\Users\krono\AppData\Local\GitHubDesktop\bin;E:\Program Files\JetBrains\PyCharm 2023.1.2\bin;;C:\Program Files\Azure Data Studio\bin;C:\Users\krono\AppData\Roaming\nvm;C:\Program Files\nodejs;C:\Users\krono\AppData\Roaming\npm
USERNAME=krono
OS=Windows_NT
PROCESSOR_IDENTIFIER=AMD64 Family 23 Model 96 Stepping 1, AuthenticAMD
TMP=C:\Users\krono\AppData\Local\Temp
TEMP=C:\Users\krono\AppData\Local\Temp




Periodic native trim disabled

---------------  S Y S T E M  ---------------

OS:
 Windows 10 , 64 bit Build 19041 (10.0.19041.4957)
OS uptime: 5 days 4:13 hours
Hyper-V role detected

CPU: total 16 (initial active 16) (16 cores per cpu, 2 threads per core) family 23 model 96 stepping 1 microcode 0x0, cx8, cmov, fxsr, ht, mmx, 3dnowpref, sse, sse2, sse3, ssse3, sse4a, sse4.1, sse4.2, popcnt, lzcnt, tsc, tscinvbit, avx, avx2, aes, clmul, bmi1, bmi2, adx, sha, fma, vzeroupper, clflush, clflushopt, hv, rdtscp, rdpid, f16c
Processor Information for all 16 processors :
  Max Mhz: 2900, Current Mhz: 2900, Mhz Limit: 2900

Memory: 4k page, system-wide physical 32173M (4734M free)
TotalPageFile size 36269M (AvailPageFile size 37M)
current process WorkingSet (physical memory assigned to process): 214M, peak: 214M
current process commit charge ("private bytes"): 267M, peak: 651M

vm_info: OpenJDK 64-Bit Server VM (21.0.4+7-LTS) for windows-amd64 JRE (21.0.4+7-LTS), built on 2024-07-16T00:00:00Z by "admin" with MS VC++ 17.7 (VS2022)

END.
